TN:
SF:node_modules/@defi-wonderland/solidity-utils/solidity/libraries/Create2Address.sol
FN:11,Create2Address.computeDeterministicAddress
FNDA:0,Create2Address.computeDeterministicAddress
DA:16,0
FNF:1
FNH:0
LF:1
LH:0
BRF:0
BRH:0
end_of_record
TN:
SF:node_modules/@defi-wonderland/solidity-utils/solidity/test/DSTestPlus.sol
FN:20,DSTestPlus.startMeasuringGas
FNDA:0,DSTestPlus.startMeasuringGas
DA:21,0
DA:23,0
FN:26,DSTestPlus.stopMeasuringGas
FNDA:0,DSTestPlus.stopMeasuringGas
DA:27,0
DA:30,0
DA:32,0
FN:35,DSTestPlus.min3
FNDA:0,DSTestPlus.min3
DA:36,0
FN:39,DSTestPlus.min2
FNDA:0,DSTestPlus.min2
DA:40,0
FN:43,DSTestPlus.label
FNDA:0,DSTestPlus.label
DA:44,0
DA:45,0
FN:48,DSTestPlus.label
FNDA:0,DSTestPlus.label
DA:49,0
FN:52,DSTestPlus.mockContract
FNDA:0,DSTestPlus.mockContract
DA:53,0
DA:54,0
FN:57,DSTestPlus.mockContract
FNDA:0,DSTestPlus.mockContract
DA:58,0
FN:61,DSTestPlus.advanceTime
FNDA:0,DSTestPlus.advanceTime
DA:62,0
FN:65,DSTestPlus.computeDeterministicAddress
FNDA:0,DSTestPlus.computeDeterministicAddress
DA:70,0
FN:73,DSTestPlus.newAddress
FNDA:32,DSTestPlus.newAddress
DA:74,32
DA:75,32
DA:76,32
FN:79,DSTestPlus.expectEmitNoIndex
FNDA:0,DSTestPlus.expectEmitNoIndex
DA:80,0
FNF:12
FNH:1
LF:19
LH:3
BRF:0
BRH:0
end_of_record
TN:
SF:node_modules/@openzeppelin/contracts-upgradeable/proxy/utils/Initializable.sol
FN:144,Initializable._disableInitializers
FNDA:0,Initializable._disableInitializers
DA:145,0
BRDA:145,0,0,-
BRDA:145,0,1,-
DA:146,0
BRDA:146,1,0,-
BRDA:146,1,1,-
DA:147,0
DA:148,0
FN:155,Initializable._getInitializedVersion
FNDA:0,Initializable._getInitializedVersion
DA:156,0
FN:162,Initializable._isInitializing
FNDA:0,Initializable._isInitializing
DA:163,0
FNF:3
FNH:0
LF:6
LH:0
BRF:4
BRH:0
end_of_record
TN:
SF:node_modules/@openzeppelin/contracts-upgradeable/token/ERC20/ERC20Upgradeable.sol
FN:55,ERC20Upgradeable.__ERC20_init
FNDA:59,ERC20Upgradeable.__ERC20_init
DA:56,59
FN:59,ERC20Upgradeable.__ERC20_init_unchained
FNDA:59,ERC20Upgradeable.__ERC20_init_unchained
DA:60,59
DA:61,59
FN:67,ERC20Upgradeable.name
FNDA:0,ERC20Upgradeable.name
DA:68,0
FN:75,ERC20Upgradeable.symbol
FNDA:0,ERC20Upgradeable.symbol
DA:76,0
FN:92,ERC20Upgradeable.decimals
FNDA:0,ERC20Upgradeable.decimals
DA:93,0
FN:99,ERC20Upgradeable.totalSupply
FNDA:2,ERC20Upgradeable.totalSupply
DA:100,25
FN:106,ERC20Upgradeable.balanceOf
FNDA:58,ERC20Upgradeable.balanceOf
DA:107,58
FN:118,ERC20Upgradeable.transfer
FNDA:53,ERC20Upgradeable.transfer
DA:119,53
DA:120,53
DA:121,53
FN:127,ERC20Upgradeable.allowance
FNDA:0,ERC20Upgradeable.allowance
DA:128,58
FN:141,ERC20Upgradeable.approve
FNDA:72,ERC20Upgradeable.approve
DA:142,72
DA:143,72
DA:144,72
FN:163,ERC20Upgradeable.transferFrom
FNDA:58,ERC20Upgradeable.transferFrom
DA:168,58
DA:169,58
DA:170,58
DA:171,58
FN:186,ERC20Upgradeable.increaseAllowance
FNDA:0,ERC20Upgradeable.increaseAllowance
DA:187,0
DA:188,0
DA:189,0
FN:206,ERC20Upgradeable.decreaseAllowance
FNDA:0,ERC20Upgradeable.decreaseAllowance
DA:207,0
DA:208,0
DA:209,0
BRDA:209,0,0,-
BRDA:209,0,1,-
DA:211,0
DA:214,0
FN:231,ERC20Upgradeable._transfer
FNDA:111,ERC20Upgradeable._transfer
DA:236,111
BRDA:236,1,0,-
BRDA:236,1,1,111
DA:237,111
BRDA:237,2,0,-
BRDA:237,2,1,111
DA:239,111
DA:241,111
DA:242,111
BRDA:242,3,0,-
BRDA:242,3,1,111
DA:244,111
DA:247,111
DA:250,111
DA:252,111
FN:264,ERC20Upgradeable._mint
FNDA:39,ERC20Upgradeable._mint
DA:265,39
BRDA:265,4,0,-
BRDA:265,4,1,39
DA:267,39
DA:269,39
DA:272,39
DA:274,39
DA:276,39
FN:290,ERC20Upgradeable._burn
FNDA:5,ERC20Upgradeable._burn
DA:291,5
BRDA:291,5,0,-
BRDA:291,5,1,5
DA:293,5
DA:295,5
DA:296,5
BRDA:296,6,0,-
BRDA:296,6,1,5
DA:298,5
DA:300,5
DA:303,5
DA:305,5
FN:321,ERC20Upgradeable._approve
FNDA:72,ERC20Upgradeable._approve
DA:326,72
BRDA:326,7,0,-
BRDA:326,7,1,72
DA:327,72
BRDA:327,8,0,-
BRDA:327,8,1,72
DA:329,72
DA:330,72
FN:341,ERC20Upgradeable._spendAllowance
FNDA:58,ERC20Upgradeable._spendAllowance
DA:346,58
DA:347,58
BRDA:347,9,0,-
BRDA:347,9,1,-
DA:348,0
BRDA:348,10,0,-
BRDA:348,10,1,-
DA:350,0
FN:369,ERC20Upgradeable._beforeTokenTransfer
FNDA:155,ERC20Upgradeable._beforeTokenTransfer
FN:389,ERC20Upgradeable._afterTokenTransfer
FNDA:155,ERC20Upgradeable._afterTokenTransfer
FNF:20
FNH:14
LF:58
LH:45
BRF:22
BRH:8
end_of_record
TN:
SF:node_modules/@openzeppelin/contracts-upgradeable/token/ERC20/extensions/ERC20VotesUpgradeable.sol
FN:29,ERC20VotesUpgradeable.__ERC20Votes_init
FNDA:0,ERC20VotesUpgradeable.__ERC20Votes_init
FN:32,ERC20VotesUpgradeable.__ERC20Votes_init_unchained
FNDA:0,ERC20VotesUpgradeable.__ERC20Votes_init_unchained
FN:49,ERC20VotesUpgradeable.checkpoints
FNDA:0,ERC20VotesUpgradeable.checkpoints
DA:50,0
FN:56,ERC20VotesUpgradeable.numCheckpoints
FNDA:0,ERC20VotesUpgradeable.numCheckpoints
DA:57,0
FN:63,ERC20VotesUpgradeable.delegates
FNDA:0,ERC20VotesUpgradeable.delegates
DA:64,270
FN:70,ERC20VotesUpgradeable.getVotes
FNDA:0,ERC20VotesUpgradeable.getVotes
DA:71,0
DA:72,0
FN:82,ERC20VotesUpgradeable.getPastVotes
FNDA:0,ERC20VotesUpgradeable.getPastVotes
DA:83,0
BRDA:83,0,0,-
BRDA:83,0,1,-
DA:84,0
FN:95,ERC20VotesUpgradeable.getPastTotalSupply
FNDA:0,ERC20VotesUpgradeable.getPastTotalSupply
DA:96,0
BRDA:96,1,0,-
BRDA:96,1,1,-
DA:97,0
FN:103,ERC20VotesUpgradeable._checkpointsLookup
FNDA:0,ERC20VotesUpgradeable._checkpointsLookup
DA:116,0
DA:118,0
DA:119,0
DA:121,0
BRDA:121,2,0,-
BRDA:121,2,1,-
DA:122,0
DA:123,0
BRDA:123,3,0,-
BRDA:123,3,1,-
DA:124,0
DA:126,0
DA:130,0
DA:131,0
DA:132,0
BRDA:132,4,0,-
BRDA:132,4,1,-
DA:133,0
DA:135,0
DA:139,0
FN:145,ERC20VotesUpgradeable.delegate
FNDA:0,ERC20VotesUpgradeable.delegate
DA:146,0
FN:152,ERC20VotesUpgradeable.delegateBySig
FNDA:0,ERC20VotesUpgradeable.delegateBySig
DA:160,0
BRDA:160,5,0,-
BRDA:160,5,1,-
DA:161,0
DA:167,0
BRDA:167,6,0,-
BRDA:167,6,1,-
DA:168,0
FN:174,ERC20VotesUpgradeable._maxSupply
FNDA:23,ERC20VotesUpgradeable._maxSupply
DA:175,23
FN:181,ERC20VotesUpgradeable._mint
FNDA:23,ERC20VotesUpgradeable._mint
DA:182,23
DA:183,23
BRDA:183,7,0,-
BRDA:183,7,1,23
DA:185,23
FN:191,ERC20VotesUpgradeable._burn
FNDA:3,ERC20VotesUpgradeable._burn
DA:192,3
DA:194,3
FN:202,ERC20VotesUpgradeable._afterTokenTransfer
FNDA:135,ERC20VotesUpgradeable._afterTokenTransfer
DA:207,135
DA:209,135
FN:217,ERC20VotesUpgradeable._delegate
FNDA:0,ERC20VotesUpgradeable._delegate
DA:218,0
DA:219,0
DA:220,0
DA:222,0
DA:224,0
FN:227,ERC20VotesUpgradeable._moveVotingPower
FNDA:135,ERC20VotesUpgradeable._moveVotingPower
DA:232,135
BRDA:232,8,0,-
BRDA:232,8,1,-
DA:233,0
BRDA:233,9,0,-
BRDA:233,9,1,-
DA:234,0
DA:235,0
DA:238,0
BRDA:238,10,0,-
BRDA:238,10,1,-
DA:239,0
DA:240,0
FN:245,ERC20VotesUpgradeable._writeCheckpoint
FNDA:26,ERC20VotesUpgradeable._writeCheckpoint
DA:250,26
DA:252,26
DA:254,26
DA:255,26
DA:257,26
BRDA:257,11,0,3
BRDA:257,11,1,23
DA:258,3
DA:260,23
FN:264,ERC20VotesUpgradeable._add
FNDA:23,ERC20VotesUpgradeable._add
DA:265,23
FN:268,ERC20VotesUpgradeable._subtract
FNDA:3,ERC20VotesUpgradeable._subtract
DA:269,3
FN:275,ERC20VotesUpgradeable._unsafeAccess
FNDA:6,ERC20VotesUpgradeable._unsafeAccess
DA:278,6
FNF:21
FNH:9
LF:58
LH:20
BRF:24
BRH:3
end_of_record
TN:
SF:node_modules/@openzeppelin/contracts-upgradeable/token/ERC20/extensions/draft-ERC20PermitUpgradeable.sol
FN:47,ERC20PermitUpgradeable.__ERC20Permit_init
FNDA:33,ERC20PermitUpgradeable.__ERC20Permit_init
DA:48,33
FN:51,ERC20PermitUpgradeable.__ERC20Permit_init_unchained
FNDA:0,ERC20PermitUpgradeable.__ERC20Permit_init_unchained
FN:56,ERC20PermitUpgradeable.permit
FNDA:0,ERC20PermitUpgradeable.permit
DA:65,0
BRDA:65,0,0,-
BRDA:65,0,1,-
DA:67,0
DA:69,0
DA:71,0
DA:72,0
BRDA:72,1,0,-
BRDA:72,1,1,-
DA:74,0
FN:80,ERC20PermitUpgradeable.nonces
FNDA:0,ERC20PermitUpgradeable.nonces
DA:81,0
FN:88,ERC20PermitUpgradeable.DOMAIN_SEPARATOR
FNDA:0,ERC20PermitUpgradeable.DOMAIN_SEPARATOR
DA:89,0
FN:97,ERC20PermitUpgradeable._useNonce
FNDA:0,ERC20PermitUpgradeable._useNonce
DA:98,0
DA:99,0
DA:100,0
FNF:6
FNH:1
LF:12
LH:1
BRF:4
BRH:0
end_of_record
TN:
SF:node_modules/@openzeppelin/contracts-upgradeable/token/ERC20/utils/SafeERC20Upgradeable.sol
FN:22,SafeERC20Upgradeable.safeTransfer
FNDA:0,SafeERC20Upgradeable.safeTransfer
DA:27,0
FN:30,SafeERC20Upgradeable.safeTransferFrom
FNDA:0,SafeERC20Upgradeable.safeTransferFrom
DA:36,0
FN:46,SafeERC20Upgradeable.safeApprove
FNDA:0,SafeERC20Upgradeable.safeApprove
DA:54,0
BRDA:54,0,0,-
BRDA:54,0,1,-
DA:58,0
FN:61,SafeERC20Upgradeable.safeIncreaseAllowance
FNDA:0,SafeERC20Upgradeable.safeIncreaseAllowance
DA:66,0
DA:67,0
FN:70,SafeERC20Upgradeable.safeDecreaseAllowance
FNDA:0,SafeERC20Upgradeable.safeDecreaseAllowance
DA:76,0
DA:77,0
BRDA:77,1,0,-
BRDA:77,1,1,-
DA:78,0
DA:79,0
FN:83,SafeERC20Upgradeable.safePermit
FNDA:0,SafeERC20Upgradeable.safePermit
DA:93,0
DA:94,0
DA:95,0
DA:96,0
BRDA:96,2,0,-
BRDA:96,2,1,-
FN:105,SafeERC20Upgradeable._callOptionalReturn
FNDA:0,SafeERC20Upgradeable._callOptionalReturn
DA:110,0
DA:111,0
BRDA:111,3,0,-
BRDA:111,3,1,-
DA:113,0
BRDA:113,4,0,-
BRDA:113,4,1,-
FNF:7
FNH:0
LF:17
LH:0
BRF:10
BRH:0
end_of_record
TN:
SF:node_modules/@openzeppelin/contracts-upgradeable/token/ERC721/ERC721Upgradeable.sol
FN:45,ERC721Upgradeable.__ERC721_init
FNDA:12,ERC721Upgradeable.__ERC721_init
DA:46,12
FN:49,ERC721Upgradeable.__ERC721_init_unchained
FNDA:12,ERC721Upgradeable.__ERC721_init_unchained
DA:50,12
DA:51,12
FN:57,ERC721Upgradeable.supportsInterface
FNDA:0,ERC721Upgradeable.supportsInterface
DA:58,0
DA:59,0
DA:60,0
DA:61,0
FN:67,ERC721Upgradeable.balanceOf
FNDA:0,ERC721Upgradeable.balanceOf
DA:68,0
BRDA:68,0,0,-
BRDA:68,0,1,-
DA:69,0
FN:75,ERC721Upgradeable.ownerOf
FNDA:0,ERC721Upgradeable.ownerOf
DA:76,0
DA:77,0
BRDA:77,1,0,-
BRDA:77,1,1,-
DA:78,0
FN:84,ERC721Upgradeable.name
FNDA:0,ERC721Upgradeable.name
DA:85,0
FN:91,ERC721Upgradeable.symbol
FNDA:0,ERC721Upgradeable.symbol
DA:92,0
FN:98,ERC721Upgradeable.tokenURI
FNDA:0,ERC721Upgradeable.tokenURI
DA:99,0
DA:101,0
DA:102,0
FN:110,ERC721Upgradeable._baseURI
FNDA:0,ERC721Upgradeable._baseURI
DA:111,0
FN:117,ERC721Upgradeable.approve
FNDA:0,ERC721Upgradeable.approve
DA:118,0
DA:119,0
BRDA:119,2,0,-
BRDA:119,2,1,-
DA:121,0
BRDA:121,3,0,-
BRDA:121,3,1,-
DA:126,0
FN:132,ERC721Upgradeable.getApproved
FNDA:0,ERC721Upgradeable.getApproved
DA:133,0
DA:135,0
FN:141,ERC721Upgradeable.setApprovalForAll
FNDA:0,ERC721Upgradeable.setApprovalForAll
DA:142,0
FN:148,ERC721Upgradeable.isApprovedForAll
FNDA:0,ERC721Upgradeable.isApprovedForAll
DA:149,0
FN:155,ERC721Upgradeable.transferFrom
FNDA:0,ERC721Upgradeable.transferFrom
DA:161,0
BRDA:161,4,0,-
BRDA:161,4,1,-
DA:163,0
FN:169,ERC721Upgradeable.safeTransferFrom
FNDA:0,ERC721Upgradeable.safeTransferFrom
DA:174,0
FN:180,ERC721Upgradeable.safeTransferFrom
FNDA:0,ERC721Upgradeable.safeTransferFrom
DA:186,0
BRDA:186,5,0,-
BRDA:186,5,1,-
DA:187,0
FN:208,ERC721Upgradeable._safeTransfer
FNDA:0,ERC721Upgradeable._safeTransfer
DA:214,0
DA:215,0
BRDA:215,6,0,-
BRDA:215,6,1,-
FN:221,ERC721Upgradeable._ownerOf
FNDA:0,ERC721Upgradeable._ownerOf
DA:222,0
FN:233,ERC721Upgradeable._exists
FNDA:0,ERC721Upgradeable._exists
DA:234,0
FN:244,ERC721Upgradeable._isApprovedOrOwner
FNDA:0,ERC721Upgradeable._isApprovedOrOwner
DA:245,0
DA:246,0
FN:259,ERC721Upgradeable._safeMint
FNDA:0,ERC721Upgradeable._safeMint
DA:260,0
FN:267,ERC721Upgradeable._safeMint
FNDA:0,ERC721Upgradeable._safeMint
DA:272,0
DA:273,0
BRDA:273,7,0,-
BRDA:273,7,1,-
FN:291,ERC721Upgradeable._mint
FNDA:0,ERC721Upgradeable._mint
DA:292,0
BRDA:292,8,0,-
BRDA:292,8,1,-
DA:293,0
BRDA:293,9,0,-
BRDA:293,9,1,-
DA:295,0
DA:298,0
BRDA:298,10,0,-
BRDA:298,10,1,-
DA:305,0
DA:308,0
DA:310,0
DA:312,0
FN:326,ERC721Upgradeable._burn
FNDA:0,ERC721Upgradeable._burn
DA:327,0
DA:329,0
DA:332,0
DA:335,0
DA:340,0
DA:342,0
DA:344,0
DA:346,0
FN:360,ERC721Upgradeable._transfer
FNDA:0,ERC721Upgradeable._transfer
DA:365,0
BRDA:365,11,0,-
BRDA:365,11,1,-
DA:366,0
BRDA:366,12,0,-
BRDA:366,12,1,-
DA:368,0
DA:371,0
BRDA:371,13,0,-
BRDA:371,13,1,-
DA:374,0
DA:382,0
DA:383,0
DA:385,0
DA:387,0
DA:389,0
FN:397,ERC721Upgradeable._approve
FNDA:0,ERC721Upgradeable._approve
DA:398,0
DA:399,0
FN:407,ERC721Upgradeable._setApprovalForAll
FNDA:0,ERC721Upgradeable._setApprovalForAll
DA:412,0
BRDA:412,14,0,-
BRDA:412,14,1,-
DA:413,0
DA:414,0
FN:420,ERC721Upgradeable._requireMinted
FNDA:0,ERC721Upgradeable._requireMinted
DA:421,0
BRDA:421,15,0,-
BRDA:421,15,1,-
FN:434,ERC721Upgradeable._checkOnERC721Received
FNDA:0,ERC721Upgradeable._checkOnERC721Received
DA:440,0
BRDA:440,16,0,-
BRDA:440,16,1,-
DA:441,0
DA:454,0
FN:472,ERC721Upgradeable._beforeTokenTransfer
FNDA:0,ERC721Upgradeable._beforeTokenTransfer
FN:493,ERC721Upgradeable._afterTokenTransfer
FNDA:0,ERC721Upgradeable._afterTokenTransfer
FN:508,ERC721Upgradeable.__unsafe_increaseBalance
FNDA:0,ERC721Upgradeable.__unsafe_increaseBalance
DA:509,0
FNF:32
FNH:2
LF:76
LH:3
BRF:34
BRH:0
end_of_record
TN:
SF:node_modules/@openzeppelin/contracts-upgradeable/token/ERC721/extensions/ERC721EnumerableUpgradeable.sol
FN:16,ERC721EnumerableUpgradeable.__ERC721Enumerable_init
FNDA:0,ERC721EnumerableUpgradeable.__ERC721Enumerable_init
FN:19,ERC721EnumerableUpgradeable.__ERC721Enumerable_init_unchained
FNDA:0,ERC721EnumerableUpgradeable.__ERC721Enumerable_init_unchained
FN:36,ERC721EnumerableUpgradeable.supportsInterface
FNDA:0,ERC721EnumerableUpgradeable.supportsInterface
DA:37,0
FN:43,ERC721EnumerableUpgradeable.tokenOfOwnerByIndex
FNDA:0,ERC721EnumerableUpgradeable.tokenOfOwnerByIndex
DA:44,0
BRDA:44,0,0,-
BRDA:44,0,1,-
DA:45,0
FN:51,ERC721EnumerableUpgradeable.totalSupply
FNDA:0,ERC721EnumerableUpgradeable.totalSupply
DA:52,0
FN:58,ERC721EnumerableUpgradeable.tokenByIndex
FNDA:0,ERC721EnumerableUpgradeable.tokenByIndex
DA:59,0
BRDA:59,1,0,-
BRDA:59,1,1,-
DA:60,0
FN:66,ERC721EnumerableUpgradeable._beforeTokenTransfer
FNDA:0,ERC721EnumerableUpgradeable._beforeTokenTransfer
DA:72,0
DA:74,0
BRDA:74,2,0,-
BRDA:74,2,1,-
DA:76,0
DA:79,0
DA:81,0
BRDA:81,3,0,-
BRDA:81,3,1,-
DA:82,0
DA:83,0
BRDA:83,4,0,-
BRDA:83,4,1,-
DA:84,0
DA:86,0
BRDA:86,5,0,-
BRDA:86,5,1,-
DA:87,0
DA:88,0
BRDA:88,6,0,-
BRDA:88,6,1,-
DA:89,0
FN:98,ERC721EnumerableUpgradeable._addTokenToOwnerEnumeration
FNDA:0,ERC721EnumerableUpgradeable._addTokenToOwnerEnumeration
DA:99,0
DA:100,0
DA:101,0
FN:108,ERC721EnumerableUpgradeable._addTokenToAllTokensEnumeration
FNDA:0,ERC721EnumerableUpgradeable._addTokenToAllTokensEnumeration
DA:109,0
DA:110,0
FN:121,ERC721EnumerableUpgradeable._removeTokenFromOwnerEnumeration
FNDA:0,ERC721EnumerableUpgradeable._removeTokenFromOwnerEnumeration
DA:125,0
DA:126,0
DA:129,0
BRDA:129,7,0,-
BRDA:129,7,1,-
DA:130,0
DA:132,0
DA:133,0
DA:137,0
DA:138,0
FN:146,ERC721EnumerableUpgradeable._removeTokenFromAllTokensEnumeration
FNDA:0,ERC721EnumerableUpgradeable._removeTokenFromAllTokensEnumeration
DA:150,0
DA:151,0
DA:156,0
DA:158,0
DA:159,0
DA:162,0
DA:163,0
FNF:11
FNH:0
LF:38
LH:0
BRF:16
BRH:0
end_of_record
TN:
SF:node_modules/@openzeppelin/contracts-upgradeable/utils/AddressUpgradeable.sol
FN:36,AddressUpgradeable.isContract
FNDA:0,AddressUpgradeable.isContract
DA:41,0
FN:60,AddressUpgradeable.sendValue
FNDA:0,AddressUpgradeable.sendValue
DA:61,0
BRDA:61,0,0,-
BRDA:61,0,1,-
DA:63,0
DA:64,0
BRDA:64,1,0,-
BRDA:64,1,1,-
FN:85,AddressUpgradeable.functionCall
FNDA:0,AddressUpgradeable.functionCall
DA:86,0
FN:95,AddressUpgradeable.functionCall
FNDA:0,AddressUpgradeable.functionCall
DA:100,0
FN:114,AddressUpgradeable.functionCallWithValue
FNDA:0,AddressUpgradeable.functionCallWithValue
DA:119,0
FN:128,AddressUpgradeable.functionCallWithValue
FNDA:0,AddressUpgradeable.functionCallWithValue
DA:134,0
BRDA:134,2,0,-
BRDA:134,2,1,-
DA:135,0
DA:136,0
FN:145,AddressUpgradeable.functionStaticCall
FNDA:0,AddressUpgradeable.functionStaticCall
DA:146,0
FN:155,AddressUpgradeable.functionStaticCall
FNDA:0,AddressUpgradeable.functionStaticCall
DA:160,0
DA:161,0
FN:170,AddressUpgradeable.verifyCallResultFromTarget
FNDA:0,AddressUpgradeable.verifyCallResultFromTarget
DA:176,0
BRDA:176,3,0,-
BRDA:176,3,1,-
DA:177,0
BRDA:177,4,0,-
BRDA:177,4,1,-
DA:180,0
BRDA:180,5,0,-
BRDA:180,5,1,-
DA:182,0
DA:184,0
FN:194,AddressUpgradeable.verifyCallResult
FNDA:0,AddressUpgradeable.verifyCallResult
DA:199,0
BRDA:199,6,0,-
BRDA:199,6,1,-
DA:200,0
DA:202,0
FN:206,AddressUpgradeable._revert
FNDA:0,AddressUpgradeable._revert
DA:208,0
BRDA:208,7,0,-
BRDA:208,7,1,-
DA:216,0
FNF:11
FNH:0
LF:23
LH:0
BRF:16
BRH:0
end_of_record
TN:
SF:node_modules/@openzeppelin/contracts-upgradeable/utils/ContextUpgradeable.sol
FN:18,ContextUpgradeable.__Context_init
FNDA:0,ContextUpgradeable.__Context_init
FN:21,ContextUpgradeable.__Context_init_unchained
FNDA:0,ContextUpgradeable.__Context_init_unchained
FN:23,ContextUpgradeable._msgSender
FNDA:183,ContextUpgradeable._msgSender
DA:24,183
FN:27,ContextUpgradeable._msgData
FNDA:0,ContextUpgradeable._msgData
DA:28,0
FNF:4
FNH:1
LF:2
LH:1
BRF:0
BRH:0
end_of_record
TN:
SF:node_modules/@openzeppelin/contracts-upgradeable/utils/CountersUpgradeable.sol
FN:22,CountersUpgradeable.current
FNDA:0,CountersUpgradeable.current
DA:23,0
FN:26,CountersUpgradeable.increment
FNDA:0,CountersUpgradeable.increment
DA:28,0
FN:32,CountersUpgradeable.decrement
FNDA:0,CountersUpgradeable.decrement
DA:33,0
DA:34,0
BRDA:34,0,0,-
BRDA:34,0,1,-
DA:36,0
FN:40,CountersUpgradeable.reset
FNDA:0,CountersUpgradeable.reset
DA:41,0
FNF:4
FNH:0
LF:6
LH:0
BRF:2
BRH:0
end_of_record
TN:
SF:node_modules/@openzeppelin/contracts-upgradeable/utils/StringsUpgradeable.sol
FN:18,StringsUpgradeable.toString
FNDA:0,StringsUpgradeable.toString
DA:20,0
DA:21,0
DA:22,0
DA:25,0
DA:28,0
DA:33,0
DA:34,0
BRDA:34,0,0,-
BRDA:34,0,1,-
DA:36,0
FN:43,StringsUpgradeable.toHexString
FNDA:0,StringsUpgradeable.toHexString
DA:45,0
FN:52,StringsUpgradeable.toHexString
FNDA:0,StringsUpgradeable.toHexString
DA:53,0
DA:54,0
DA:55,0
DA:56,0
DA:57,0
DA:58,0
DA:60,0
BRDA:60,1,0,-
BRDA:60,1,1,-
DA:61,0
FN:67,StringsUpgradeable.toHexString
FNDA:0,StringsUpgradeable.toHexString
DA:68,0
FNF:4
FNH:0
LF:18
LH:0
BRF:4
BRH:0
end_of_record
TN:
SF:node_modules/@openzeppelin/contracts-upgradeable/utils/cryptography/ECDSAUpgradeable.sol
FN:23,ECDSAUpgradeable._throwError
FNDA:0,ECDSAUpgradeable._throwError
DA:24,0
BRDA:24,0,0,-
BRDA:24,0,1,-
DA:25,0
DA:26,0
BRDA:26,1,0,-
BRDA:26,1,1,-
DA:27,0
DA:28,0
BRDA:28,2,0,-
BRDA:28,2,1,-
DA:29,0
DA:30,0
BRDA:30,3,0,-
BRDA:30,3,1,-
DA:31,0
FN:55,ECDSAUpgradeable.tryRecover
FNDA:0,ECDSAUpgradeable.tryRecover
DA:56,0
BRDA:56,4,0,-
BRDA:56,4,1,-
DA:57,0
DA:58,0
DA:59,0
DA:64,0
DA:65,0
DA:66,0
DA:68,0
DA:70,0
FN:88,ECDSAUpgradeable.recover
FNDA:0,ECDSAUpgradeable.recover
DA:89,0
DA:90,0
DA:91,0
FN:101,ECDSAUpgradeable.tryRecover
FNDA:0,ECDSAUpgradeable.tryRecover
DA:106,0
DA:107,0
DA:108,0
FN:116,ECDSAUpgradeable.recover
FNDA:0,ECDSAUpgradeable.recover
DA:121,0
DA:122,0
DA:123,0
FN:132,ECDSAUpgradeable.tryRecover
FNDA:0,ECDSAUpgradeable.tryRecover
DA:147,0
BRDA:147,5,0,-
BRDA:147,5,1,-
DA:148,0
DA:152,0
DA:153,0
BRDA:153,6,0,-
BRDA:153,6,1,-
DA:154,0
DA:157,0
FN:164,ECDSAUpgradeable.recover
FNDA:0,ECDSAUpgradeable.recover
DA:170,0
DA:171,0
DA:172,0
FN:183,ECDSAUpgradeable.toEthSignedMessageHash
FNDA:0,ECDSAUpgradeable.toEthSignedMessageHash
DA:186,0
FN:197,ECDSAUpgradeable.toEthSignedMessageHash
FNDA:0,ECDSAUpgradeable.toEthSignedMessageHash
DA:198,0
FN:210,ECDSAUpgradeable.toTypedDataHash
FNDA:0,ECDSAUpgradeable.toTypedDataHash
DA:211,0
FNF:10
FNH:0
LF:38
LH:0
BRF:14
BRH:0
end_of_record
TN:
SF:node_modules/@openzeppelin/contracts-upgradeable/utils/cryptography/EIP712Upgradeable.sol
FN:50,EIP712Upgradeable.__EIP712_init
FNDA:0,EIP712Upgradeable.__EIP712_init
DA:51,0
FN:54,EIP712Upgradeable.__EIP712_init_unchained
FNDA:33,EIP712Upgradeable.__EIP712_init_unchained
DA:55,33
DA:56,33
DA:57,33
DA:58,33
FN:64,EIP712Upgradeable._domainSeparatorV4
FNDA:0,EIP712Upgradeable._domainSeparatorV4
DA:65,0
FN:68,EIP712Upgradeable._buildDomainSeparator
FNDA:0,EIP712Upgradeable._buildDomainSeparator
DA:73,0
FN:91,EIP712Upgradeable._hashTypedDataV4
FNDA:0,EIP712Upgradeable._hashTypedDataV4
DA:92,0
FN:101,EIP712Upgradeable._EIP712NameHash
FNDA:0,EIP712Upgradeable._EIP712NameHash
DA:102,0
FN:111,EIP712Upgradeable._EIP712VersionHash
FNDA:0,EIP712Upgradeable._EIP712VersionHash
DA:112,0
FNF:7
FNH:1
LF:10
LH:4
BRF:0
BRH:0
end_of_record
TN:
SF:node_modules/@openzeppelin/contracts-upgradeable/utils/introspection/ERC165Upgradeable.sol
FN:24,ERC165Upgradeable.__ERC165_init
FNDA:0,ERC165Upgradeable.__ERC165_init
FN:27,ERC165Upgradeable.__ERC165_init_unchained
FNDA:0,ERC165Upgradeable.__ERC165_init_unchained
FN:32,ERC165Upgradeable.supportsInterface
FNDA:0,ERC165Upgradeable.supportsInterface
DA:33,0
FNF:3
FNH:0
LF:1
LH:0
BRF:0
BRH:0
end_of_record
TN:
SF:node_modules/@openzeppelin/contracts-upgradeable/utils/math/MathUpgradeable.sol
FN:19,MathUpgradeable.max
FNDA:0,MathUpgradeable.max
DA:20,0
FN:26,MathUpgradeable.min
FNDA:0,MathUpgradeable.min
DA:27,0
FN:34,MathUpgradeable.average
FNDA:0,MathUpgradeable.average
DA:36,0
FN:45,MathUpgradeable.ceilDiv
FNDA:0,MathUpgradeable.ceilDiv
DA:47,0
FN:55,MathUpgradeable.mulDiv
FNDA:0,MathUpgradeable.mulDiv
DA:64,0
DA:65,0
DA:68,0
DA:69,0
DA:73,0
BRDA:73,0,0,-
BRDA:73,0,1,-
DA:74,0
DA:78,0
BRDA:78,1,0,-
BRDA:78,1,1,-
DA:85,0
DA:88,0
DA:91,0
DA:92,0
DA:99,0
DA:102,0
DA:105,0
DA:108,0
DA:112,0
DA:117,0
DA:121,0
DA:122,0
DA:123,0
DA:124,0
DA:125,0
DA:126,0
DA:132,0
DA:133,0
FN:140,MathUpgradeable.mulDiv
FNDA:0,MathUpgradeable.mulDiv
DA:146,0
DA:147,0
BRDA:147,2,0,-
BRDA:147,2,1,-
DA:148,0
DA:150,0
FN:158,MathUpgradeable.sqrt
FNDA:0,MathUpgradeable.sqrt
DA:159,0
BRDA:159,3,0,-
BRDA:159,3,1,-
DA:160,0
DA:173,0
DA:180,0
DA:181,0
DA:182,0
DA:183,0
DA:184,0
DA:185,0
DA:186,0
DA:187,0
FN:194,MathUpgradeable.sqrt
FNDA:0,MathUpgradeable.sqrt
DA:196,0
DA:197,0
FN:205,MathUpgradeable.log2
FNDA:0,MathUpgradeable.log2
DA:206,0
DA:208,0
BRDA:208,4,0,-
BRDA:208,4,1,-
DA:209,0
DA:210,0
DA:212,0
BRDA:212,5,0,-
BRDA:212,5,1,-
DA:213,0
DA:214,0
DA:216,0
BRDA:216,6,0,-
BRDA:216,6,1,-
DA:217,0
DA:218,0
DA:220,0
BRDA:220,7,0,-
BRDA:220,7,1,-
DA:221,0
DA:222,0
DA:224,0
BRDA:224,8,0,-
BRDA:224,8,1,-
DA:225,0
DA:226,0
DA:228,0
BRDA:228,9,0,-
BRDA:228,9,1,-
DA:229,0
DA:230,0
DA:232,0
BRDA:232,10,0,-
BRDA:232,10,1,-
DA:233,0
DA:234,0
DA:236,0
BRDA:236,11,0,-
BRDA:236,11,1,-
DA:237,0
DA:240,0
FN:247,MathUpgradeable.log2
FNDA:0,MathUpgradeable.log2
DA:249,0
DA:250,0
FN:258,MathUpgradeable.log10
FNDA:0,MathUpgradeable.log10
DA:259,0
DA:261,0
BRDA:261,12,0,-
BRDA:261,12,1,-
DA:262,0
DA:263,0
DA:265,0
BRDA:265,13,0,-
BRDA:265,13,1,-
DA:266,0
DA:267,0
DA:269,0
BRDA:269,14,0,-
BRDA:269,14,1,-
DA:270,0
DA:271,0
DA:273,0
BRDA:273,15,0,-
BRDA:273,15,1,-
DA:274,0
DA:275,0
DA:277,0
BRDA:277,16,0,-
BRDA:277,16,1,-
DA:278,0
DA:279,0
DA:281,0
BRDA:281,17,0,-
BRDA:281,17,1,-
DA:282,0
DA:283,0
DA:285,0
BRDA:285,18,0,-
BRDA:285,18,1,-
DA:286,0
DA:289,0
FN:296,MathUpgradeable.log10
FNDA:0,MathUpgradeable.log10
DA:298,0
DA:299,0
FN:309,MathUpgradeable.log256
FNDA:0,MathUpgradeable.log256
DA:310,0
DA:312,0
BRDA:312,19,0,-
BRDA:312,19,1,-
DA:313,0
DA:314,0
DA:316,0
BRDA:316,20,0,-
BRDA:316,20,1,-
DA:317,0
DA:318,0
DA:320,0
BRDA:320,21,0,-
BRDA:320,21,1,-
DA:321,0
DA:322,0
DA:324,0
BRDA:324,22,0,-
BRDA:324,22,1,-
DA:325,0
DA:326,0
DA:328,0
BRDA:328,23,0,-
BRDA:328,23,1,-
DA:329,0
DA:332,0
FN:339,MathUpgradeable.log256
FNDA:0,MathUpgradeable.log256
DA:341,0
DA:342,0
FNF:14
FNH:0
LF:115
LH:0
BRF:48
BRH:0
end_of_record
TN:
SF:node_modules/@openzeppelin/contracts-upgradeable/utils/math/SafeCastUpgradeable.sol
FN:35,SafeCastUpgradeable.toUint248
FNDA:0,SafeCastUpgradeable.toUint248
DA:36,0
BRDA:36,0,0,-
BRDA:36,0,1,-
DA:37,0
FN:52,SafeCastUpgradeable.toUint240
FNDA:0,SafeCastUpgradeable.toUint240
DA:53,0
BRDA:53,1,0,-
BRDA:53,1,1,-
DA:54,0
FN:69,SafeCastUpgradeable.toUint232
FNDA:0,SafeCastUpgradeable.toUint232
DA:70,0
BRDA:70,2,0,-
BRDA:70,2,1,-
DA:71,0
FN:86,SafeCastUpgradeable.toUint224
FNDA:26,SafeCastUpgradeable.toUint224
DA:87,26
BRDA:87,3,0,-
BRDA:87,3,1,26
DA:88,26
FN:103,SafeCastUpgradeable.toUint216
FNDA:0,SafeCastUpgradeable.toUint216
DA:104,0
BRDA:104,4,0,-
BRDA:104,4,1,-
DA:105,0
FN:120,SafeCastUpgradeable.toUint208
FNDA:0,SafeCastUpgradeable.toUint208
DA:121,0
BRDA:121,5,0,-
BRDA:121,5,1,-
DA:122,0
FN:137,SafeCastUpgradeable.toUint200
FNDA:0,SafeCastUpgradeable.toUint200
DA:138,0
BRDA:138,6,0,-
BRDA:138,6,1,-
DA:139,0
FN:154,SafeCastUpgradeable.toUint192
FNDA:0,SafeCastUpgradeable.toUint192
DA:155,0
BRDA:155,7,0,-
BRDA:155,7,1,-
DA:156,0
FN:171,SafeCastUpgradeable.toUint184
FNDA:0,SafeCastUpgradeable.toUint184
DA:172,0
BRDA:172,8,0,-
BRDA:172,8,1,-
DA:173,0
FN:188,SafeCastUpgradeable.toUint176
FNDA:0,SafeCastUpgradeable.toUint176
DA:189,0
BRDA:189,9,0,-
BRDA:189,9,1,-
DA:190,0
FN:205,SafeCastUpgradeable.toUint168
FNDA:0,SafeCastUpgradeable.toUint168
DA:206,0
BRDA:206,10,0,-
BRDA:206,10,1,-
DA:207,0
FN:222,SafeCastUpgradeable.toUint160
FNDA:0,SafeCastUpgradeable.toUint160
DA:223,0
BRDA:223,11,0,-
BRDA:223,11,1,-
DA:224,0
FN:239,SafeCastUpgradeable.toUint152
FNDA:0,SafeCastUpgradeable.toUint152
DA:240,0
BRDA:240,12,0,-
BRDA:240,12,1,-
DA:241,0
FN:256,SafeCastUpgradeable.toUint144
FNDA:0,SafeCastUpgradeable.toUint144
DA:257,0
BRDA:257,13,0,-
BRDA:257,13,1,-
DA:258,0
FN:273,SafeCastUpgradeable.toUint136
FNDA:0,SafeCastUpgradeable.toUint136
DA:274,0
BRDA:274,14,0,-
BRDA:274,14,1,-
DA:275,0
FN:290,SafeCastUpgradeable.toUint128
FNDA:0,SafeCastUpgradeable.toUint128
DA:291,0
BRDA:291,15,0,-
BRDA:291,15,1,-
DA:292,0
FN:307,SafeCastUpgradeable.toUint120
FNDA:0,SafeCastUpgradeable.toUint120
DA:308,0
BRDA:308,16,0,-
BRDA:308,16,1,-
DA:309,0
FN:324,SafeCastUpgradeable.toUint112
FNDA:0,SafeCastUpgradeable.toUint112
DA:325,0
BRDA:325,17,0,-
BRDA:325,17,1,-
DA:326,0
FN:341,SafeCastUpgradeable.toUint104
FNDA:0,SafeCastUpgradeable.toUint104
DA:342,0
BRDA:342,18,0,-
BRDA:342,18,1,-
DA:343,0
FN:358,SafeCastUpgradeable.toUint96
FNDA:0,SafeCastUpgradeable.toUint96
DA:359,0
BRDA:359,19,0,-
BRDA:359,19,1,-
DA:360,0
FN:375,SafeCastUpgradeable.toUint88
FNDA:0,SafeCastUpgradeable.toUint88
DA:376,0
BRDA:376,20,0,-
BRDA:376,20,1,-
DA:377,0
FN:392,SafeCastUpgradeable.toUint80
FNDA:0,SafeCastUpgradeable.toUint80
DA:393,0
BRDA:393,21,0,-
BRDA:393,21,1,-
DA:394,0
FN:409,SafeCastUpgradeable.toUint72
FNDA:0,SafeCastUpgradeable.toUint72
DA:410,0
BRDA:410,22,0,-
BRDA:410,22,1,-
DA:411,0
FN:426,SafeCastUpgradeable.toUint64
FNDA:0,SafeCastUpgradeable.toUint64
DA:427,0
BRDA:427,23,0,-
BRDA:427,23,1,-
DA:428,0
FN:443,SafeCastUpgradeable.toUint56
FNDA:0,SafeCastUpgradeable.toUint56
DA:444,0
BRDA:444,24,0,-
BRDA:444,24,1,-
DA:445,0
FN:460,SafeCastUpgradeable.toUint48
FNDA:0,SafeCastUpgradeable.toUint48
DA:461,0
BRDA:461,25,0,-
BRDA:461,25,1,-
DA:462,0
FN:477,SafeCastUpgradeable.toUint40
FNDA:0,SafeCastUpgradeable.toUint40
DA:478,0
BRDA:478,26,0,-
BRDA:478,26,1,-
DA:479,0
FN:494,SafeCastUpgradeable.toUint32
FNDA:23,SafeCastUpgradeable.toUint32
DA:495,23
BRDA:495,27,0,-
BRDA:495,27,1,23
DA:496,23
FN:511,SafeCastUpgradeable.toUint24
FNDA:0,SafeCastUpgradeable.toUint24
DA:512,0
BRDA:512,28,0,-
BRDA:512,28,1,-
DA:513,0
FN:528,SafeCastUpgradeable.toUint16
FNDA:0,SafeCastUpgradeable.toUint16
DA:529,0
BRDA:529,29,0,-
BRDA:529,29,1,-
DA:530,0
FN:545,SafeCastUpgradeable.toUint8
FNDA:0,SafeCastUpgradeable.toUint8
DA:546,0
BRDA:546,30,0,-
BRDA:546,30,1,-
DA:547,0
FN:559,SafeCastUpgradeable.toUint256
FNDA:0,SafeCastUpgradeable.toUint256
DA:560,0
BRDA:560,31,0,-
BRDA:560,31,1,-
DA:561,0
FN:577,SafeCastUpgradeable.toInt248
FNDA:0,SafeCastUpgradeable.toInt248
DA:578,0
DA:579,0
BRDA:579,32,0,-
BRDA:579,32,1,-
FN:595,SafeCastUpgradeable.toInt240
FNDA:0,SafeCastUpgradeable.toInt240
DA:596,0
DA:597,0
BRDA:597,33,0,-
BRDA:597,33,1,-
FN:613,SafeCastUpgradeable.toInt232
FNDA:0,SafeCastUpgradeable.toInt232
DA:614,0
DA:615,0
BRDA:615,34,0,-
BRDA:615,34,1,-
FN:631,SafeCastUpgradeable.toInt224
FNDA:0,SafeCastUpgradeable.toInt224
DA:632,0
DA:633,0
BRDA:633,35,0,-
BRDA:633,35,1,-
FN:649,SafeCastUpgradeable.toInt216
FNDA:0,SafeCastUpgradeable.toInt216
DA:650,0
DA:651,0
BRDA:651,36,0,-
BRDA:651,36,1,-
FN:667,SafeCastUpgradeable.toInt208
FNDA:0,SafeCastUpgradeable.toInt208
DA:668,0
DA:669,0
BRDA:669,37,0,-
BRDA:669,37,1,-
FN:685,SafeCastUpgradeable.toInt200
FNDA:0,SafeCastUpgradeable.toInt200
DA:686,0
DA:687,0
BRDA:687,38,0,-
BRDA:687,38,1,-
FN:703,SafeCastUpgradeable.toInt192
FNDA:0,SafeCastUpgradeable.toInt192
DA:704,0
DA:705,0
BRDA:705,39,0,-
BRDA:705,39,1,-
FN:721,SafeCastUpgradeable.toInt184
FNDA:0,SafeCastUpgradeable.toInt184
DA:722,0
DA:723,0
BRDA:723,40,0,-
BRDA:723,40,1,-
FN:739,SafeCastUpgradeable.toInt176
FNDA:0,SafeCastUpgradeable.toInt176
DA:740,0
DA:741,0
BRDA:741,41,0,-
BRDA:741,41,1,-
FN:757,SafeCastUpgradeable.toInt168
FNDA:0,SafeCastUpgradeable.toInt168
DA:758,0
DA:759,0
BRDA:759,42,0,-
BRDA:759,42,1,-
FN:775,SafeCastUpgradeable.toInt160
FNDA:0,SafeCastUpgradeable.toInt160
DA:776,0
DA:777,0
BRDA:777,43,0,-
BRDA:777,43,1,-
FN:793,SafeCastUpgradeable.toInt152
FNDA:0,SafeCastUpgradeable.toInt152
DA:794,0
DA:795,0
BRDA:795,44,0,-
BRDA:795,44,1,-
FN:811,SafeCastUpgradeable.toInt144
FNDA:0,SafeCastUpgradeable.toInt144
DA:812,0
DA:813,0
BRDA:813,45,0,-
BRDA:813,45,1,-
FN:829,SafeCastUpgradeable.toInt136
FNDA:0,SafeCastUpgradeable.toInt136
DA:830,0
DA:831,0
BRDA:831,46,0,-
BRDA:831,46,1,-
FN:847,SafeCastUpgradeable.toInt128
FNDA:0,SafeCastUpgradeable.toInt128
DA:848,0
DA:849,0
BRDA:849,47,0,-
BRDA:849,47,1,-
FN:865,SafeCastUpgradeable.toInt120
FNDA:0,SafeCastUpgradeable.toInt120
DA:866,0
DA:867,0
BRDA:867,48,0,-
BRDA:867,48,1,-
FN:883,SafeCastUpgradeable.toInt112
FNDA:0,SafeCastUpgradeable.toInt112
DA:884,0
DA:885,0
BRDA:885,49,0,-
BRDA:885,49,1,-
FN:901,SafeCastUpgradeable.toInt104
FNDA:0,SafeCastUpgradeable.toInt104
DA:902,0
DA:903,0
BRDA:903,50,0,-
BRDA:903,50,1,-
FN:919,SafeCastUpgradeable.toInt96
FNDA:0,SafeCastUpgradeable.toInt96
DA:920,0
DA:921,0
BRDA:921,51,0,-
BRDA:921,51,1,-
FN:937,SafeCastUpgradeable.toInt88
FNDA:0,SafeCastUpgradeable.toInt88
DA:938,0
DA:939,0
BRDA:939,52,0,-
BRDA:939,52,1,-
FN:955,SafeCastUpgradeable.toInt80
FNDA:0,SafeCastUpgradeable.toInt80
DA:956,0
DA:957,0
BRDA:957,53,0,-
BRDA:957,53,1,-
FN:973,SafeCastUpgradeable.toInt72
FNDA:0,SafeCastUpgradeable.toInt72
DA:974,0
DA:975,0
BRDA:975,54,0,-
BRDA:975,54,1,-
FN:991,SafeCastUpgradeable.toInt64
FNDA:0,SafeCastUpgradeable.toInt64
DA:992,0
DA:993,0
BRDA:993,55,0,-
BRDA:993,55,1,-
FN:1009,SafeCastUpgradeable.toInt56
FNDA:0,SafeCastUpgradeable.toInt56
DA:1010,0
DA:1011,0
BRDA:1011,56,0,-
BRDA:1011,56,1,-
FN:1027,SafeCastUpgradeable.toInt48
FNDA:0,SafeCastUpgradeable.toInt48
DA:1028,0
DA:1029,0
BRDA:1029,57,0,-
BRDA:1029,57,1,-
FN:1045,SafeCastUpgradeable.toInt40
FNDA:0,SafeCastUpgradeable.toInt40
DA:1046,0
DA:1047,0
BRDA:1047,58,0,-
BRDA:1047,58,1,-
FN:1063,SafeCastUpgradeable.toInt32
FNDA:0,SafeCastUpgradeable.toInt32
DA:1064,0
DA:1065,0
BRDA:1065,59,0,-
BRDA:1065,59,1,-
FN:1081,SafeCastUpgradeable.toInt24
FNDA:0,SafeCastUpgradeable.toInt24
DA:1082,0
DA:1083,0
BRDA:1083,60,0,-
BRDA:1083,60,1,-
FN:1099,SafeCastUpgradeable.toInt16
FNDA:0,SafeCastUpgradeable.toInt16
DA:1100,0
DA:1101,0
BRDA:1101,61,0,-
BRDA:1101,61,1,-
FN:1117,SafeCastUpgradeable.toInt8
FNDA:0,SafeCastUpgradeable.toInt8
DA:1118,0
DA:1119,0
BRDA:1119,62,0,-
BRDA:1119,62,1,-
FN:1131,SafeCastUpgradeable.toInt256
FNDA:0,SafeCastUpgradeable.toInt256
DA:1133,0
BRDA:1133,63,0,-
BRDA:1133,63,1,-
DA:1134,0
FNF:64
FNH:2
LF:128
LH:4
BRF:128
BRH:2
end_of_record
TN:
SF:node_modules/@openzeppelin/contracts/access/AccessControl.sol
FN:77,AccessControl.supportsInterface
FNDA:0,AccessControl.supportsInterface
DA:78,0
FN:84,AccessControl.hasRole
FNDA:0,AccessControl.hasRole
DA:85,50
FN:96,AccessControl._checkRole
FNDA:20,AccessControl._checkRole
DA:97,20
FN:107,AccessControl._checkRole
FNDA:20,AccessControl._checkRole
DA:108,20
BRDA:108,0,0,-
BRDA:108,0,1,20
DA:109,0
FN:128,AccessControl.getRoleAdmin
FNDA:0,AccessControl.getRoleAdmin
DA:129,20
FN:144,AccessControl.grantRole
FNDA:20,AccessControl.grantRole
DA:145,20
FN:159,AccessControl.revokeRole
FNDA:0,AccessControl.revokeRole
DA:160,0
FN:179,AccessControl.renounceRole
FNDA:10,AccessControl.renounceRole
DA:180,10
BRDA:180,1,0,-
BRDA:180,1,1,10
DA:182,10
FN:205,AccessControl._setupRole
FNDA:0,AccessControl._setupRole
DA:206,0
FN:214,AccessControl._setRoleAdmin
FNDA:0,AccessControl._setRoleAdmin
DA:215,0
DA:216,0
DA:217,0
FN:227,AccessControl._grantRole
FNDA:20,AccessControl._grantRole
DA:228,20
BRDA:228,2,0,20
BRDA:228,2,1,20
DA:229,20
DA:230,20
FN:241,AccessControl._revokeRole
FNDA:10,AccessControl._revokeRole
DA:242,10
BRDA:242,3,0,10
BRDA:242,3,1,10
DA:243,10
DA:244,10
FNF:12
FNH:6
LF:20
LH:13
BRF:8
BRH:6
end_of_record
TN:
SF:node_modules/@openzeppelin/contracts/governance/Governor.sol
FN:92,Governor.supportsInterface
FNDA:0,Governor.supportsInterface
DA:95,0
DA:96,0
DA:101,0
DA:102,0
DA:103,0
FN:109,Governor.name
FNDA:0,Governor.name
DA:110,0
FN:116,Governor.version
FNDA:0,Governor.version
DA:117,0
FN:133,Governor.hashProposal
FNDA:0,Governor.hashProposal
DA:139,0
FN:145,Governor.state
FNDA:0,Governor.state
DA:146,0
DA:148,0
BRDA:148,0,0,-
BRDA:148,0,1,-
DA:149,0
DA:152,0
BRDA:152,1,0,-
BRDA:152,1,1,-
DA:153,0
DA:156,0
DA:158,0
BRDA:158,2,0,-
BRDA:158,2,1,-
DA:159,0
DA:162,0
BRDA:162,3,0,-
BRDA:162,3,1,-
DA:163,0
DA:166,0
DA:168,0
BRDA:168,4,0,-
BRDA:168,4,1,-
DA:169,0
DA:172,0
BRDA:172,5,0,-
BRDA:172,5,1,-
DA:173,0
DA:175,0
FN:182,Governor.proposalSnapshot
FNDA:0,Governor.proposalSnapshot
DA:183,0
FN:189,Governor.proposalDeadline
FNDA:0,Governor.proposalDeadline
DA:190,0
FN:196,Governor.proposalThreshold
FNDA:0,Governor.proposalThreshold
DA:197,0
FN:238,Governor._defaultParams
FNDA:0,Governor._defaultParams
DA:239,0
FN:245,Governor.propose
FNDA:0,Governor.propose
DA:251,0
BRDA:251,6,0,-
BRDA:251,6,1,-
DA:256,0
DA:258,0
BRDA:258,7,0,-
BRDA:258,7,1,-
DA:259,0
BRDA:259,8,0,-
BRDA:259,8,1,-
DA:260,0
BRDA:260,9,0,-
BRDA:260,9,1,-
DA:262,0
DA:263,0
BRDA:263,10,0,-
BRDA:263,10,1,-
DA:265,0
DA:266,0
DA:268,0
DA:269,0
DA:271,0
DA:283,0
FN:289,Governor.execute
FNDA:0,Governor.execute
DA:295,0
DA:297,0
DA:298,0
BRDA:298,11,0,-
BRDA:298,11,1,-
DA:302,0
DA:304,0
DA:306,0
DA:307,0
DA:308,0
DA:310,0
FN:316,Governor._execute
FNDA:0,Governor._execute
DA:323,0
DA:324,0
DA:325,0
DA:326,0
FN:333,Governor._beforeExecute
FNDA:0,Governor._beforeExecute
DA:340,0
BRDA:340,12,0,-
BRDA:340,12,1,-
DA:341,0
DA:342,0
BRDA:342,13,0,-
BRDA:342,13,1,-
DA:343,0
FN:352,Governor._afterExecute
FNDA:0,Governor._afterExecute
DA:359,0
BRDA:359,14,0,-
BRDA:359,14,1,-
DA:360,0
BRDA:360,15,0,-
BRDA:360,15,1,-
DA:361,0
FN:372,Governor._cancel
FNDA:0,Governor._cancel
DA:378,0
DA:379,0
DA:381,0
BRDA:381,16,0,-
BRDA:381,16,1,-
DA:385,0
DA:387,0
DA:389,0
FN:395,Governor.getVotes
FNDA:0,Governor.getVotes
DA:396,0
FN:402,Governor.getVotesWithParams
FNDA:0,Governor.getVotesWithParams
DA:407,0
FN:413,Governor.castVote
FNDA:0,Governor.castVote
DA:414,0
DA:415,0
FN:421,Governor.castVoteWithReason
FNDA:0,Governor.castVoteWithReason
DA:426,0
DA:427,0
FN:433,Governor.castVoteWithReasonAndParams
FNDA:0,Governor.castVoteWithReasonAndParams
DA:439,0
DA:440,0
FN:446,Governor.castVoteBySig
FNDA:0,Governor.castVoteBySig
DA:453,0
DA:459,0
FN:465,Governor.castVoteWithReasonAndParamsBySig
FNDA:0,Governor.castVoteWithReasonAndParamsBySig
DA:474,0
DA:491,0
FN:500,Governor._castVote
FNDA:0,Governor._castVote
DA:506,0
FN:515,Governor._castVote
FNDA:0,Governor._castVote
DA:522,0
DA:523,0
BRDA:523,17,0,-
BRDA:523,17,1,-
DA:525,0
DA:526,0
DA:528,0
BRDA:528,18,0,-
BRDA:528,18,1,-
DA:529,0
DA:531,0
DA:534,0
FN:543,Governor.relay
FNDA:0,Governor.relay
DA:548,0
DA:549,0
FN:556,Governor._executor
FNDA:0,Governor._executor
DA:557,0
FN:563,Governor.onERC721Received
FNDA:0,Governor.onERC721Received
DA:569,0
FN:575,Governor.onERC1155Received
FNDA:0,Governor.onERC1155Received
DA:582,0
FN:588,Governor.onERC1155BatchReceived
FNDA:0,Governor.onERC1155BatchReceived
DA:595,0
FNF:29
FNH:0
LF:94
LH:0
BRF:38
BRH:0
end_of_record
TN:
SF:node_modules/@openzeppelin/contracts/governance/TimelockController.sol
FN:132,TimelockController.supportsInterface
FNDA:0,TimelockController.supportsInterface
DA:133,0
FN:140,TimelockController.isOperation
FNDA:0,TimelockController.isOperation
DA:141,0
FN:147,TimelockController.isOperationPending
FNDA:0,TimelockController.isOperationPending
DA:148,0
FN:154,TimelockController.isOperationReady
FNDA:0,TimelockController.isOperationReady
DA:155,0
DA:156,0
FN:162,TimelockController.isOperationDone
FNDA:0,TimelockController.isOperationDone
DA:163,0
FN:170,TimelockController.getTimestamp
FNDA:0,TimelockController.getTimestamp
DA:171,0
FN:179,TimelockController.getMinDelay
FNDA:0,TimelockController.getMinDelay
DA:180,0
FN:187,TimelockController.hashOperation
FNDA:0,TimelockController.hashOperation
DA:194,0
FN:201,TimelockController.hashOperationBatch
FNDA:0,TimelockController.hashOperationBatch
DA:208,0
FN:220,TimelockController.schedule
FNDA:0,TimelockController.schedule
DA:228,0
DA:229,0
DA:230,0
FN:242,TimelockController.scheduleBatch
FNDA:0,TimelockController.scheduleBatch
DA:250,0
BRDA:250,0,0,-
BRDA:250,0,1,-
DA:251,0
BRDA:251,1,0,-
BRDA:251,1,1,-
DA:253,0
DA:254,0
DA:255,0
DA:256,0
FN:263,TimelockController._schedule
FNDA:0,TimelockController._schedule
DA:264,0
BRDA:264,2,0,-
BRDA:264,2,1,-
DA:265,0
BRDA:265,3,0,-
BRDA:265,3,1,-
DA:266,0
FN:276,TimelockController.cancel
FNDA:0,TimelockController.cancel
DA:277,0
BRDA:277,4,0,-
BRDA:277,4,1,-
DA:278,0
DA:280,0
FN:295,TimelockController.execute
FNDA:0,TimelockController.execute
DA:302,0
DA:304,0
DA:305,0
DA:306,0
DA:307,0
FN:322,TimelockController.executeBatch
FNDA:0,TimelockController.executeBatch
DA:329,0
BRDA:329,5,0,-
BRDA:329,5,1,-
DA:330,0
BRDA:330,6,0,-
BRDA:330,6,1,-
DA:332,0
DA:334,0
DA:335,0
DA:336,0
DA:337,0
DA:338,0
DA:339,0
DA:340,0
DA:342,0
FN:348,TimelockController._execute
FNDA:0,TimelockController._execute
DA:353,0
DA:354,0
BRDA:354,7,0,-
BRDA:354,7,1,-
FN:360,TimelockController._beforeCall
FNDA:0,TimelockController._beforeCall
DA:361,0
BRDA:361,8,0,-
BRDA:361,8,1,-
DA:362,0
BRDA:362,9,0,-
BRDA:362,9,1,-
FN:368,TimelockController._afterCall
FNDA:0,TimelockController._afterCall
DA:369,0
BRDA:369,10,0,-
BRDA:369,10,1,-
DA:370,0
FN:383,TimelockController.updateDelay
FNDA:0,TimelockController.updateDelay
DA:384,0
BRDA:384,11,0,-
BRDA:384,11,1,-
DA:385,0
DA:386,0
FN:392,TimelockController.onERC721Received
FNDA:0,TimelockController.onERC721Received
DA:398,0
FN:404,TimelockController.onERC1155Received
FNDA:0,TimelockController.onERC1155Received
DA:411,0
FN:417,TimelockController.onERC1155BatchReceived
FNDA:0,TimelockController.onERC1155BatchReceived
DA:424,0
FNF:22
FNH:0
LF:53
LH:0
BRF:24
BRH:0
end_of_record
TN:
SF:node_modules/@openzeppelin/contracts/governance/compatibility/GovernorCompatibilityBravo.sol
FN:44,GovernorCompatibilityBravo.COUNTING_MODE
FNDA:0,GovernorCompatibilityBravo.COUNTING_MODE
DA:45,0
FN:52,GovernorCompatibilityBravo.propose
FNDA:0,GovernorCompatibilityBravo.propose
DA:58,0
DA:59,0
FN:65,GovernorCompatibilityBravo.propose
FNDA:0,GovernorCompatibilityBravo.propose
DA:72,0
DA:73,0
FN:79,GovernorCompatibilityBravo.queue
FNDA:0,GovernorCompatibilityBravo.queue
DA:80,0
DA:81,0
FN:92,GovernorCompatibilityBravo.execute
FNDA:0,GovernorCompatibilityBravo.execute
DA:93,0
DA:94,0
FN:102,GovernorCompatibilityBravo.cancel
FNDA:0,GovernorCompatibilityBravo.cancel
DA:103,0
DA:105,0
BRDA:105,0,0,-
BRDA:105,0,1,-
DA:110,0
FN:121,GovernorCompatibilityBravo._encodeCalldata
FNDA:0,GovernorCompatibilityBravo._encodeCalldata
DA:126,0
DA:128,0
DA:129,0
DA:134,0
FN:140,GovernorCompatibilityBravo._storeProposal
FNDA:0,GovernorCompatibilityBravo._storeProposal
DA:148,0
DA:149,0
DA:151,0
DA:152,0
BRDA:152,1,0,-
BRDA:152,1,1,-
DA:153,0
DA:154,0
DA:155,0
DA:156,0
DA:157,0
DA:158,0
FN:166,GovernorCompatibilityBravo.proposals
FNDA:0,GovernorCompatibilityBravo.proposals
DA:184,0
DA:185,0
DA:186,0
DA:187,0
DA:189,0
DA:190,0
DA:191,0
DA:192,0
DA:193,0
DA:195,0
DA:196,0
DA:197,0
FN:203,GovernorCompatibilityBravo.getActions
FNDA:0,GovernorCompatibilityBravo.getActions
DA:215,0
DA:216,0
FN:222,GovernorCompatibilityBravo.getReceipt
FNDA:0,GovernorCompatibilityBravo.getReceipt
DA:223,0
FN:229,GovernorCompatibilityBravo.quorumVotes
FNDA:0,GovernorCompatibilityBravo.quorumVotes
DA:230,0
FN:237,GovernorCompatibilityBravo.hasVoted
FNDA:0,GovernorCompatibilityBravo.hasVoted
DA:238,0
FN:244,GovernorCompatibilityBravo._quorumReached
FNDA:0,GovernorCompatibilityBravo._quorumReached
DA:245,0
DA:246,0
FN:252,GovernorCompatibilityBravo._voteSucceeded
FNDA:0,GovernorCompatibilityBravo._voteSucceeded
DA:253,0
DA:254,0
FN:260,GovernorCompatibilityBravo._countVote
FNDA:0,GovernorCompatibilityBravo._countVote
DA:267,0
DA:268,0
DA:270,0
BRDA:270,2,0,-
BRDA:270,2,1,-
DA:271,0
DA:272,0
DA:273,0
DA:275,0
BRDA:275,3,0,-
BRDA:275,3,1,-
DA:276,0
DA:277,0
BRDA:277,4,0,-
BRDA:277,4,1,-
DA:278,0
DA:279,0
BRDA:279,5,0,-
BRDA:279,5,1,-
DA:280,0
DA:282,0
FNF:16
FNH:0
LF:60
LH:0
BRF:12
BRH:0
end_of_record
TN:
SF:node_modules/@openzeppelin/contracts/governance/extensions/GovernorSettings.sol
FN:38,GovernorSettings.votingDelay
FNDA:0,GovernorSettings.votingDelay
DA:39,0
FN:45,GovernorSettings.votingPeriod
FNDA:0,GovernorSettings.votingPeriod
DA:46,0
FN:52,GovernorSettings.proposalThreshold
FNDA:0,GovernorSettings.proposalThreshold
DA:53,0
FN:61,GovernorSettings.setVotingDelay
FNDA:0,GovernorSettings.setVotingDelay
DA:62,0
FN:70,GovernorSettings.setVotingPeriod
FNDA:0,GovernorSettings.setVotingPeriod
DA:71,0
FN:79,GovernorSettings.setProposalThreshold
FNDA:0,GovernorSettings.setProposalThreshold
DA:80,0
FN:88,GovernorSettings._setVotingDelay
FNDA:0,GovernorSettings._setVotingDelay
DA:89,0
DA:90,0
FN:98,GovernorSettings._setVotingPeriod
FNDA:0,GovernorSettings._setVotingPeriod
DA:100,0
BRDA:100,0,0,-
BRDA:100,0,1,-
DA:101,0
DA:102,0
FN:110,GovernorSettings._setProposalThreshold
FNDA:0,GovernorSettings._setProposalThreshold
DA:111,0
DA:112,0
FNF:9
FNH:0
LF:13
LH:0
BRF:2
BRH:0
end_of_record
TN:
SF:node_modules/@openzeppelin/contracts/governance/extensions/GovernorTimelockControl.sol
FN:45,GovernorTimelockControl.supportsInterface
FNDA:0,GovernorTimelockControl.supportsInterface
DA:46,0
FN:52,GovernorTimelockControl.state
FNDA:0,GovernorTimelockControl.state
DA:53,0
DA:55,0
BRDA:55,0,0,-
BRDA:55,0,1,-
DA:56,0
DA:60,0
DA:61,0
BRDA:61,1,0,-
BRDA:61,1,1,-
DA:62,0
DA:63,0
BRDA:63,2,0,-
BRDA:63,2,1,-
DA:64,0
DA:65,0
BRDA:65,3,0,-
BRDA:65,3,1,-
DA:66,0
DA:68,0
FN:75,GovernorTimelockControl.timelock
FNDA:0,GovernorTimelockControl.timelock
DA:76,0
FN:82,GovernorTimelockControl.proposalEta
FNDA:0,GovernorTimelockControl.proposalEta
DA:83,0
DA:84,0
FN:90,GovernorTimelockControl.queue
FNDA:0,GovernorTimelockControl.queue
DA:96,0
DA:98,0
BRDA:98,4,0,-
BRDA:98,4,1,-
DA:100,0
DA:101,0
DA:102,0
DA:104,0
DA:106,0
FN:112,GovernorTimelockControl._execute
FNDA:0,GovernorTimelockControl._execute
DA:119,0
FN:129,GovernorTimelockControl._cancel
FNDA:0,GovernorTimelockControl._cancel
DA:135,0
DA:137,0
BRDA:137,5,0,-
BRDA:137,5,1,-
DA:138,0
DA:139,0
DA:142,0
FN:148,GovernorTimelockControl._executor
FNDA:0,GovernorTimelockControl._executor
DA:149,0
FN:158,GovernorTimelockControl.updateTimelock
FNDA:0,GovernorTimelockControl.updateTimelock
DA:159,0
FN:162,GovernorTimelockControl._updateTimelock
FNDA:0,GovernorTimelockControl._updateTimelock
DA:163,0
DA:164,0
FNF:10
FNH:0
LF:32
LH:0
BRF:12
BRH:0
end_of_record
TN:
SF:node_modules/@openzeppelin/contracts/governance/extensions/GovernorVotes.sol
FN:24,GovernorVotes._getVotes
FNDA:0,GovernorVotes._getVotes
DA:29,0
FNF:1
FNH:0
LF:1
LH:0
BRF:0
BRH:0
end_of_record
TN:
SF:node_modules/@openzeppelin/contracts/governance/extensions/GovernorVotesQuorumFraction.sol
FN:38,GovernorVotesQuorumFraction.quorumNumerator
FNDA:0,GovernorVotesQuorumFraction.quorumNumerator
DA:39,0
FN:45,GovernorVotesQuorumFraction.quorumNumerator
FNDA:0,GovernorVotesQuorumFraction.quorumNumerator
DA:47,0
DA:48,0
BRDA:48,0,0,-
BRDA:48,0,1,-
DA:49,0
DA:53,0
DA:54,0
BRDA:54,1,0,-
BRDA:54,1,1,-
DA:55,0
DA:59,0
FN:65,GovernorVotesQuorumFraction.quorumDenominator
FNDA:0,GovernorVotesQuorumFraction.quorumDenominator
DA:66,0
FN:72,GovernorVotesQuorumFraction.quorum
FNDA:0,GovernorVotesQuorumFraction.quorum
DA:73,0
FN:86,GovernorVotesQuorumFraction.updateQuorumNumerator
FNDA:0,GovernorVotesQuorumFraction.updateQuorumNumerator
DA:87,0
FN:99,GovernorVotesQuorumFraction._updateQuorumNumerator
FNDA:0,GovernorVotesQuorumFraction._updateQuorumNumerator
DA:100,0
BRDA:100,2,0,-
BRDA:100,2,1,-
DA:105,0
DA:108,0
BRDA:108,3,0,-
BRDA:108,3,1,-
DA:109,0
DA:115,0
DA:117,0
FNF:6
FNH:0
LF:17
LH:0
BRF:8
BRH:0
end_of_record
TN:
SF:node_modules/@openzeppelin/contracts/security/ReentrancyGuard.sol
FN:56,ReentrancyGuard._nonReentrantBefore
FNDA:5719,ReentrancyGuard._nonReentrantBefore
DA:58,5719
BRDA:58,0,0,1
BRDA:58,0,1,5718
DA:61,5718
FN:64,ReentrancyGuard._nonReentrantAfter
FNDA:4169,ReentrancyGuard._nonReentrantAfter
DA:67,4169
FNF:2
FNH:2
LF:3
LH:3
BRF:2
BRH:2
end_of_record
TN:
SF:node_modules/@openzeppelin/contracts/token/ERC20/ERC20.sol
FN:62,ERC20.name
FNDA:0,ERC20.name
DA:63,0
FN:70,ERC20.symbol
FNDA:0,ERC20.symbol
DA:71,0
FN:87,ERC20.decimals
FNDA:49,ERC20.decimals
DA:88,49
FN:94,ERC20.totalSupply
FNDA:0,ERC20.totalSupply
DA:95,0
FN:101,ERC20.balanceOf
FNDA:34,ERC20.balanceOf
DA:102,34
FN:113,ERC20.transfer
FNDA:25,ERC20.transfer
DA:114,25
DA:115,25
DA:116,25
FN:122,ERC20.allowance
FNDA:0,ERC20.allowance
DA:123,48
FN:136,ERC20.approve
FNDA:74,ERC20.approve
DA:137,74
DA:138,74
DA:139,74
FN:158,ERC20.transferFrom
FNDA:48,ERC20.transferFrom
DA:163,48
DA:164,48
DA:165,48
DA:166,48
FN:181,ERC20.increaseAllowance
FNDA:0,ERC20.increaseAllowance
DA:182,0
DA:183,0
DA:184,0
FN:201,ERC20.decreaseAllowance
FNDA:0,ERC20.decreaseAllowance
DA:202,0
DA:203,0
DA:204,0
BRDA:204,0,0,-
BRDA:204,0,1,-
DA:206,0
DA:209,0
FN:226,ERC20._transfer
FNDA:73,ERC20._transfer
DA:231,73
BRDA:231,1,0,-
BRDA:231,1,1,73
DA:232,73
BRDA:232,2,0,-
BRDA:232,2,1,73
DA:234,73
DA:236,73
DA:237,73
BRDA:237,3,0,-
BRDA:237,3,1,73
DA:239,73
DA:242,73
DA:245,73
DA:247,73
FN:259,ERC20._mint
FNDA:89,ERC20._mint
DA:260,89
BRDA:260,4,0,-
BRDA:260,4,1,89
DA:262,89
DA:264,89
DA:267,89
DA:269,89
DA:271,89
FN:285,ERC20._burn
FNDA:2,ERC20._burn
DA:286,2
BRDA:286,5,0,-
BRDA:286,5,1,2
DA:288,2
DA:290,2
DA:291,2
BRDA:291,6,0,-
BRDA:291,6,1,2
DA:293,2
DA:295,2
DA:298,2
DA:300,2
FN:316,ERC20._approve
FNDA:75,ERC20._approve
DA:321,75
BRDA:321,7,0,-
BRDA:321,7,1,75
DA:322,75
BRDA:322,8,0,-
BRDA:322,8,1,75
DA:324,75
DA:325,75
FN:336,ERC20._spendAllowance
FNDA:48,ERC20._spendAllowance
DA:341,48
DA:342,48
BRDA:342,9,0,-
BRDA:342,9,1,1
DA:343,1
BRDA:343,10,0,-
BRDA:343,10,1,1
DA:345,1
FN:364,ERC20._beforeTokenTransfer
FNDA:164,ERC20._beforeTokenTransfer
FN:384,ERC20._afterTokenTransfer
FNDA:164,ERC20._afterTokenTransfer
FNF:18
FNH:12
LF:55
LH:44
BRF:22
BRH:10
end_of_record
TN:
SF:node_modules/@openzeppelin/contracts/token/ERC20/extensions/ERC20Burnable.sol
FN:20,ERC20Burnable.burn
FNDA:0,ERC20Burnable.burn
DA:21,0
FN:35,ERC20Burnable.burnFrom
FNDA:0,ERC20Burnable.burnFrom
DA:36,0
DA:37,0
FNF:2
FNH:0
LF:3
LH:0
BRF:0
BRH:0
end_of_record
TN:
SF:node_modules/@openzeppelin/contracts/token/ERC20/extensions/ERC20Votes.sol
FN:43,ERC20Votes.checkpoints
FNDA:0,ERC20Votes.checkpoints
DA:44,0
FN:50,ERC20Votes.numCheckpoints
FNDA:0,ERC20Votes.numCheckpoints
DA:51,0
FN:57,ERC20Votes.delegates
FNDA:0,ERC20Votes.delegates
DA:58,0
FN:64,ERC20Votes.getVotes
FNDA:0,ERC20Votes.getVotes
DA:65,0
DA:66,0
FN:76,ERC20Votes.getPastVotes
FNDA:0,ERC20Votes.getPastVotes
DA:77,0
BRDA:77,0,0,-
BRDA:77,0,1,-
DA:78,0
FN:89,ERC20Votes.getPastTotalSupply
FNDA:0,ERC20Votes.getPastTotalSupply
DA:90,0
BRDA:90,1,0,-
BRDA:90,1,1,-
DA:91,0
FN:97,ERC20Votes._checkpointsLookup
FNDA:0,ERC20Votes._checkpointsLookup
DA:110,0
DA:112,0
DA:113,0
DA:115,0
BRDA:115,2,0,-
BRDA:115,2,1,-
DA:116,0
DA:117,0
BRDA:117,3,0,-
BRDA:117,3,1,-
DA:118,0
DA:120,0
DA:124,0
DA:125,0
DA:126,0
BRDA:126,4,0,-
BRDA:126,4,1,-
DA:127,0
DA:129,0
DA:133,0
FN:139,ERC20Votes.delegate
FNDA:0,ERC20Votes.delegate
DA:140,0
FN:146,ERC20Votes.delegateBySig
FNDA:0,ERC20Votes.delegateBySig
DA:154,0
BRDA:154,5,0,-
BRDA:154,5,1,-
DA:155,0
DA:161,0
BRDA:161,6,0,-
BRDA:161,6,1,-
DA:162,0
FN:168,ERC20Votes._maxSupply
FNDA:0,ERC20Votes._maxSupply
DA:169,0
FN:175,ERC20Votes._mint
FNDA:0,ERC20Votes._mint
DA:176,0
DA:177,0
BRDA:177,7,0,-
BRDA:177,7,1,-
DA:179,0
FN:185,ERC20Votes._burn
FNDA:0,ERC20Votes._burn
DA:186,0
DA:188,0
FN:196,ERC20Votes._afterTokenTransfer
FNDA:0,ERC20Votes._afterTokenTransfer
DA:201,0
DA:203,0
FN:211,ERC20Votes._delegate
FNDA:0,ERC20Votes._delegate
DA:212,0
DA:213,0
DA:214,0
DA:216,0
DA:218,0
FN:221,ERC20Votes._moveVotingPower
FNDA:0,ERC20Votes._moveVotingPower
DA:226,0
BRDA:226,8,0,-
BRDA:226,8,1,-
DA:227,0
BRDA:227,9,0,-
BRDA:227,9,1,-
DA:228,0
DA:229,0
DA:232,0
BRDA:232,10,0,-
BRDA:232,10,1,-
DA:233,0
DA:234,0
FN:239,ERC20Votes._writeCheckpoint
FNDA:0,ERC20Votes._writeCheckpoint
DA:244,0
DA:246,0
DA:248,0
DA:249,0
DA:251,0
BRDA:251,11,0,-
BRDA:251,11,1,-
DA:252,0
DA:254,0
FN:258,ERC20Votes._add
FNDA:0,ERC20Votes._add
DA:259,0
FN:262,ERC20Votes._subtract
FNDA:0,ERC20Votes._subtract
DA:263,0
FN:269,ERC20Votes._unsafeAccess
FNDA:0,ERC20Votes._unsafeAccess
DA:272,0
FNF:19
FNH:0
LF:58
LH:0
BRF:24
BRH:0
end_of_record
TN:
SF:node_modules/@openzeppelin/contracts/token/ERC20/extensions/draft-ERC20Permit.sol
FN:49,ERC20Permit.permit
FNDA:0,ERC20Permit.permit
DA:58,0
BRDA:58,0,0,-
BRDA:58,0,1,-
DA:60,0
DA:62,0
DA:64,0
DA:65,0
BRDA:65,1,0,-
BRDA:65,1,1,-
DA:67,0
FN:73,ERC20Permit.nonces
FNDA:0,ERC20Permit.nonces
DA:74,0
FN:81,ERC20Permit.DOMAIN_SEPARATOR
FNDA:0,ERC20Permit.DOMAIN_SEPARATOR
DA:82,0
FN:90,ERC20Permit._useNonce
FNDA:0,ERC20Permit._useNonce
DA:91,0
DA:92,0
DA:93,0
FNF:4
FNH:0
LF:11
LH:0
BRF:4
BRH:0
end_of_record
TN:
SF:node_modules/@openzeppelin/contracts/token/ERC20/utils/SafeERC20.sol
FN:22,SafeERC20.safeTransfer
FNDA:0,SafeERC20.safeTransfer
DA:27,0
FN:30,SafeERC20.safeTransferFrom
FNDA:0,SafeERC20.safeTransferFrom
DA:36,0
FN:46,SafeERC20.safeApprove
FNDA:0,SafeERC20.safeApprove
DA:54,0
BRDA:54,0,0,-
BRDA:54,0,1,-
DA:58,0
FN:61,SafeERC20.safeIncreaseAllowance
FNDA:0,SafeERC20.safeIncreaseAllowance
DA:66,0
DA:67,0
FN:70,SafeERC20.safeDecreaseAllowance
FNDA:0,SafeERC20.safeDecreaseAllowance
DA:76,0
DA:77,0
BRDA:77,1,0,-
BRDA:77,1,1,-
DA:78,0
DA:79,0
FN:83,SafeERC20.safePermit
FNDA:0,SafeERC20.safePermit
DA:93,0
DA:94,0
DA:95,0
DA:96,0
BRDA:96,2,0,-
BRDA:96,2,1,-
FN:105,SafeERC20._callOptionalReturn
FNDA:0,SafeERC20._callOptionalReturn
DA:110,0
DA:111,0
BRDA:111,3,0,-
BRDA:111,3,1,-
DA:113,0
BRDA:113,4,0,-
BRDA:113,4,1,-
FNF:7
FNH:0
LF:17
LH:0
BRF:10
BRH:0
end_of_record
TN:
SF:node_modules/@openzeppelin/contracts/utils/Address.sol
FN:36,Address.isContract
FNDA:0,Address.isContract
DA:41,0
FN:60,Address.sendValue
FNDA:0,Address.sendValue
DA:61,0
BRDA:61,0,0,-
BRDA:61,0,1,-
DA:63,0
DA:64,0
BRDA:64,1,0,-
BRDA:64,1,1,-
FN:85,Address.functionCall
FNDA:0,Address.functionCall
DA:86,0
FN:95,Address.functionCall
FNDA:0,Address.functionCall
DA:100,0
FN:114,Address.functionCallWithValue
FNDA:0,Address.functionCallWithValue
DA:119,0
FN:128,Address.functionCallWithValue
FNDA:0,Address.functionCallWithValue
DA:134,0
BRDA:134,2,0,-
BRDA:134,2,1,-
DA:135,0
DA:136,0
FN:145,Address.functionStaticCall
FNDA:0,Address.functionStaticCall
DA:146,0
FN:155,Address.functionStaticCall
FNDA:0,Address.functionStaticCall
DA:160,0
DA:161,0
FN:170,Address.functionDelegateCall
FNDA:0,Address.functionDelegateCall
DA:171,0
FN:180,Address.functionDelegateCall
FNDA:0,Address.functionDelegateCall
DA:185,0
DA:186,0
FN:195,Address.verifyCallResultFromTarget
FNDA:0,Address.verifyCallResultFromTarget
DA:201,0
BRDA:201,3,0,-
BRDA:201,3,1,-
DA:202,0
BRDA:202,4,0,-
BRDA:202,4,1,-
DA:205,0
BRDA:205,5,0,-
BRDA:205,5,1,-
DA:207,0
DA:209,0
FN:219,Address.verifyCallResult
FNDA:0,Address.verifyCallResult
DA:224,0
BRDA:224,6,0,-
BRDA:224,6,1,-
DA:225,0
DA:227,0
FN:231,Address._revert
FNDA:0,Address._revert
DA:233,0
BRDA:233,7,0,-
BRDA:233,7,1,-
DA:241,0
FNF:13
FNH:0
LF:26
LH:0
BRF:16
BRH:0
end_of_record
TN:
SF:node_modules/@openzeppelin/contracts/utils/Base64.sol
FN:20,Base64.encode
FNDA:0,Base64.encode
DA:25,0
BRDA:25,0,0,-
BRDA:25,0,1,-
DA:28,0
DA:36,0
DA:90,0
FNF:1
FNH:0
LF:4
LH:0
BRF:2
BRH:0
end_of_record
TN:
SF:node_modules/@openzeppelin/contracts/utils/Checkpoints.sol
FN:34,Checkpoints.getAtBlock
FNDA:0,Checkpoints.getAtBlock
DA:35,0
BRDA:35,0,0,-
BRDA:35,0,1,-
DA:36,0
DA:38,0
DA:39,0
DA:40,0
FN:49,Checkpoints.getAtProbablyRecentBlock
FNDA:0,Checkpoints.getAtProbablyRecentBlock
DA:50,0
BRDA:50,1,0,-
BRDA:50,1,1,-
DA:51,0
DA:53,0
DA:55,0
DA:56,0
DA:58,0
BRDA:58,2,0,-
BRDA:58,2,1,-
DA:59,0
DA:60,0
BRDA:60,3,0,-
BRDA:60,3,1,-
DA:61,0
DA:63,0
DA:67,0
DA:69,0
FN:77,Checkpoints.push
FNDA:0,Checkpoints.push
DA:78,0
FN:87,Checkpoints.push
FNDA:0,Checkpoints.push
DA:92,0
FN:98,Checkpoints.latest
FNDA:0,Checkpoints.latest
DA:99,0
DA:100,0
FN:107,Checkpoints.latestCheckpoint
FNDA:0,Checkpoints.latestCheckpoint
DA:116,0
DA:117,0
BRDA:117,4,0,-
BRDA:117,4,1,-
DA:118,0
DA:120,0
DA:121,0
FN:128,Checkpoints.length
FNDA:0,Checkpoints.length
DA:129,0
FN:136,Checkpoints._insert
FNDA:0,Checkpoints._insert
DA:141,0
DA:143,0
BRDA:143,5,0,-
BRDA:143,5,1,-
DA:145,0
DA:148,0
BRDA:148,6,0,-
BRDA:148,6,1,-
DA:151,0
BRDA:151,7,0,-
BRDA:151,7,1,-
DA:152,0
DA:154,0
DA:156,0
DA:158,0
DA:159,0
FN:169,Checkpoints._upperBinaryLookup
FNDA:0,Checkpoints._upperBinaryLookup
DA:175,0
DA:176,0
DA:177,0
BRDA:177,8,0,-
BRDA:177,8,1,-
DA:178,0
DA:180,0
DA:183,0
FN:192,Checkpoints._lowerBinaryLookup
FNDA:0,Checkpoints._lowerBinaryLookup
DA:198,0
DA:199,0
DA:200,0
BRDA:200,9,0,-
BRDA:200,9,1,-
DA:201,0
DA:203,0
DA:206,0
FN:212,Checkpoints._unsafeAccess
FNDA:0,Checkpoints._unsafeAccess
DA:215,0
FN:233,Checkpoints.push
FNDA:0,Checkpoints.push
DA:238,0
FN:244,Checkpoints.lowerLookup
FNDA:0,Checkpoints.lowerLookup
DA:245,0
DA:246,0
DA:247,0
FN:253,Checkpoints.upperLookup
FNDA:0,Checkpoints.upperLookup
DA:254,0
DA:255,0
DA:256,0
FN:262,Checkpoints.latest
FNDA:0,Checkpoints.latest
DA:263,0
DA:264,0
FN:271,Checkpoints.latestCheckpoint
FNDA:0,Checkpoints.latestCheckpoint
DA:280,0
DA:281,0
BRDA:281,10,0,-
BRDA:281,10,1,-
DA:282,0
DA:284,0
DA:285,0
FN:292,Checkpoints.length
FNDA:0,Checkpoints.length
DA:293,0
FN:300,Checkpoints._insert
FNDA:0,Checkpoints._insert
DA:305,0
DA:307,0
BRDA:307,11,0,-
BRDA:307,11,1,-
DA:309,0
DA:312,0
BRDA:312,12,0,-
BRDA:312,12,1,-
DA:315,0
BRDA:315,13,0,-
BRDA:315,13,1,-
DA:316,0
DA:318,0
DA:320,0
DA:322,0
DA:323,0
FN:333,Checkpoints._upperBinaryLookup
FNDA:0,Checkpoints._upperBinaryLookup
DA:339,0
DA:340,0
DA:341,0
BRDA:341,14,0,-
BRDA:341,14,1,-
DA:342,0
DA:344,0
DA:347,0
FN:356,Checkpoints._lowerBinaryLookup
FNDA:0,Checkpoints._lowerBinaryLookup
DA:362,0
DA:363,0
DA:364,0
BRDA:364,15,0,-
BRDA:364,15,1,-
DA:365,0
DA:367,0
DA:370,0
FN:376,Checkpoints._unsafeAccess
FNDA:0,Checkpoints._unsafeAccess
DA:383,0
FN:401,Checkpoints.push
FNDA:0,Checkpoints.push
DA:406,0
FN:412,Checkpoints.lowerLookup
FNDA:0,Checkpoints.lowerLookup
DA:413,0
DA:414,0
DA:415,0
FN:421,Checkpoints.upperLookup
FNDA:0,Checkpoints.upperLookup
DA:422,0
DA:423,0
DA:424,0
FN:430,Checkpoints.latest
FNDA:0,Checkpoints.latest
DA:431,0
DA:432,0
FN:439,Checkpoints.latestCheckpoint
FNDA:0,Checkpoints.latestCheckpoint
DA:448,0
DA:449,0
BRDA:449,16,0,-
BRDA:449,16,1,-
DA:450,0
DA:452,0
DA:453,0
FN:460,Checkpoints.length
FNDA:0,Checkpoints.length
DA:461,0
FN:468,Checkpoints._insert
FNDA:0,Checkpoints._insert
DA:473,0
DA:475,0
BRDA:475,17,0,-
BRDA:475,17,1,-
DA:477,0
DA:480,0
BRDA:480,18,0,-
BRDA:480,18,1,-
DA:483,0
BRDA:483,19,0,-
BRDA:483,19,1,-
DA:484,0
DA:486,0
DA:488,0
DA:490,0
DA:491,0
FN:501,Checkpoints._upperBinaryLookup
FNDA:0,Checkpoints._upperBinaryLookup
DA:507,0
DA:508,0
DA:509,0
BRDA:509,20,0,-
BRDA:509,20,1,-
DA:510,0
DA:512,0
DA:515,0
FN:524,Checkpoints._lowerBinaryLookup
FNDA:0,Checkpoints._lowerBinaryLookup
DA:530,0
DA:531,0
DA:532,0
BRDA:532,21,0,-
BRDA:532,21,1,-
DA:533,0
DA:535,0
DA:538,0
FN:544,Checkpoints._unsafeAccess
FNDA:0,Checkpoints._unsafeAccess
DA:551,0
FNF:31
FNH:0
LF:126
LH:0
BRF:44
BRH:0
end_of_record
TN:
SF:node_modules/@openzeppelin/contracts/utils/Context.sol
FN:17,Context._msgSender
FNDA:207,Context._msgSender
DA:18,207
FN:21,Context._msgData
FNDA:0,Context._msgData
DA:22,0
FNF:2
FNH:1
LF:2
LH:1
BRF:0
BRH:0
end_of_record
TN:
SF:node_modules/@openzeppelin/contracts/utils/Counters.sol
FN:22,Counters.current
FNDA:0,Counters.current
DA:23,0
FN:26,Counters.increment
FNDA:0,Counters.increment
DA:28,0
FN:32,Counters.decrement
FNDA:0,Counters.decrement
DA:33,0
DA:34,0
BRDA:34,0,0,-
BRDA:34,0,1,-
DA:36,0
FN:40,Counters.reset
FNDA:0,Counters.reset
DA:41,0
FNF:4
FNH:0
LF:6
LH:0
BRF:2
BRH:0
end_of_record
TN:
SF:node_modules/@openzeppelin/contracts/utils/Strings.sol
FN:18,Strings.toString
FNDA:0,Strings.toString
DA:20,0
DA:21,0
DA:22,0
DA:25,0
DA:28,0
DA:33,0
DA:34,0
BRDA:34,0,0,-
BRDA:34,0,1,-
DA:36,0
FN:43,Strings.toHexString
FNDA:0,Strings.toHexString
DA:45,0
FN:52,Strings.toHexString
FNDA:0,Strings.toHexString
DA:53,0
DA:54,0
DA:55,0
DA:56,0
DA:57,0
DA:58,0
DA:60,0
BRDA:60,1,0,-
BRDA:60,1,1,-
DA:61,0
FN:67,Strings.toHexString
FNDA:0,Strings.toHexString
DA:68,0
FNF:4
FNH:0
LF:18
LH:0
BRF:4
BRH:0
end_of_record
TN:
SF:node_modules/@openzeppelin/contracts/utils/Timers.sol
FN:14,Timers.getDeadline
FNDA:0,Timers.getDeadline
DA:15,0
FN:18,Timers.setDeadline
FNDA:0,Timers.setDeadline
DA:19,0
FN:22,Timers.reset
FNDA:0,Timers.reset
DA:23,0
FN:26,Timers.isUnset
FNDA:0,Timers.isUnset
DA:27,0
FN:30,Timers.isStarted
FNDA:0,Timers.isStarted
DA:31,0
FN:34,Timers.isPending
FNDA:0,Timers.isPending
DA:35,0
FN:38,Timers.isExpired
FNDA:0,Timers.isExpired
DA:39,0
FN:46,Timers.getDeadline
FNDA:0,Timers.getDeadline
DA:47,0
FN:50,Timers.setDeadline
FNDA:0,Timers.setDeadline
DA:51,0
FN:54,Timers.reset
FNDA:0,Timers.reset
DA:55,0
FN:58,Timers.isUnset
FNDA:0,Timers.isUnset
DA:59,0
FN:62,Timers.isStarted
FNDA:0,Timers.isStarted
DA:63,0
FN:66,Timers.isPending
FNDA:0,Timers.isPending
DA:67,0
FN:70,Timers.isExpired
FNDA:0,Timers.isExpired
DA:71,0
FNF:14
FNH:0
LF:14
LH:0
BRF:0
BRH:0
end_of_record
TN:
SF:node_modules/@openzeppelin/contracts/utils/cryptography/ECDSA.sol
FN:23,ECDSA._throwError
FNDA:0,ECDSA._throwError
DA:24,0
BRDA:24,0,0,-
BRDA:24,0,1,-
DA:25,0
DA:26,0
BRDA:26,1,0,-
BRDA:26,1,1,-
DA:27,0
DA:28,0
BRDA:28,2,0,-
BRDA:28,2,1,-
DA:29,0
DA:30,0
BRDA:30,3,0,-
BRDA:30,3,1,-
DA:31,0
FN:55,ECDSA.tryRecover
FNDA:0,ECDSA.tryRecover
DA:56,0
BRDA:56,4,0,-
BRDA:56,4,1,-
DA:57,0
DA:58,0
DA:59,0
DA:64,0
DA:65,0
DA:66,0
DA:68,0
DA:70,0
FN:88,ECDSA.recover
FNDA:0,ECDSA.recover
DA:89,0
DA:90,0
DA:91,0
FN:101,ECDSA.tryRecover
FNDA:0,ECDSA.tryRecover
DA:106,0
DA:107,0
DA:108,0
FN:116,ECDSA.recover
FNDA:0,ECDSA.recover
DA:121,0
DA:122,0
DA:123,0
FN:132,ECDSA.tryRecover
FNDA:0,ECDSA.tryRecover
DA:147,0
BRDA:147,5,0,-
BRDA:147,5,1,-
DA:148,0
DA:152,0
DA:153,0
BRDA:153,6,0,-
BRDA:153,6,1,-
DA:154,0
DA:157,0
FN:164,ECDSA.recover
FNDA:0,ECDSA.recover
DA:170,0
DA:171,0
DA:172,0
FN:183,ECDSA.toEthSignedMessageHash
FNDA:0,ECDSA.toEthSignedMessageHash
DA:186,0
FN:197,ECDSA.toEthSignedMessageHash
FNDA:0,ECDSA.toEthSignedMessageHash
DA:198,0
FN:210,ECDSA.toTypedDataHash
FNDA:0,ECDSA.toTypedDataHash
DA:211,0
FNF:10
FNH:0
LF:38
LH:0
BRF:14
BRH:0
end_of_record
TN:
SF:node_modules/@openzeppelin/contracts/utils/cryptography/EIP712.sol
FN:70,EIP712._domainSeparatorV4
FNDA:0,EIP712._domainSeparatorV4
DA:71,0
BRDA:71,0,0,-
BRDA:71,0,1,-
DA:72,0
DA:74,0
FN:78,EIP712._buildDomainSeparator
FNDA:0,EIP712._buildDomainSeparator
DA:83,0
FN:101,EIP712._hashTypedDataV4
FNDA:0,EIP712._hashTypedDataV4
DA:102,0
FNF:3
FNH:0
LF:5
LH:0
BRF:2
BRH:0
end_of_record
TN:
SF:node_modules/@openzeppelin/contracts/utils/cryptography/MerkleProof.sol
FN:27,MerkleProof.verify
FNDA:0,MerkleProof.verify
DA:32,0
FN:40,MerkleProof.verifyCalldata
FNDA:0,MerkleProof.verifyCalldata
DA:45,0
FN:56,MerkleProof.processProof
FNDA:0,MerkleProof.processProof
DA:57,0
DA:58,0
DA:59,0
DA:61,0
FN:69,MerkleProof.processProofCalldata
FNDA:0,MerkleProof.processProofCalldata
DA:70,0
DA:71,0
DA:72,0
DA:74,0
FN:85,MerkleProof.multiProofVerify
FNDA:0,MerkleProof.multiProofVerify
DA:91,0
FN:101,MerkleProof.multiProofVerifyCalldata
FNDA:0,MerkleProof.multiProofVerifyCalldata
DA:107,0
FN:122,MerkleProof.processMultiProof
FNDA:0,MerkleProof.processMultiProof
DA:131,0
DA:132,0
DA:135,0
BRDA:135,0,0,-
BRDA:135,0,1,-
DA:139,0
DA:140,0
DA:141,0
DA:142,0
DA:148,0
DA:149,0
DA:150,0
DA:151,0
DA:154,0
BRDA:154,1,0,-
BRDA:154,1,1,-
DA:155,0
DA:156,0
BRDA:156,2,0,-
BRDA:156,2,1,-
DA:157,0
DA:159,0
FN:170,MerkleProof.processMultiProofCalldata
FNDA:0,MerkleProof.processMultiProofCalldata
DA:179,0
DA:180,0
DA:183,0
BRDA:183,3,0,-
BRDA:183,3,1,-
DA:187,0
DA:188,0
DA:189,0
DA:190,0
DA:196,0
DA:197,0
DA:198,0
DA:199,0
DA:202,0
BRDA:202,4,0,-
BRDA:202,4,1,-
DA:203,0
DA:204,0
BRDA:204,5,0,-
BRDA:204,5,1,-
DA:205,0
DA:207,0
FN:211,MerkleProof._hashPair
FNDA:0,MerkleProof._hashPair
DA:212,0
FN:215,MerkleProof._efficientHash
FNDA:0,MerkleProof._efficientHash
DA:220,0
FNF:10
FNH:0
LF:46
LH:0
BRF:12
BRH:0
end_of_record
TN:
SF:node_modules/@openzeppelin/contracts/utils/introspection/ERC165.sol
FN:26,ERC165.supportsInterface
FNDA:0,ERC165.supportsInterface
DA:27,0
FNF:1
FNH:0
LF:1
LH:0
BRF:0
BRH:0
end_of_record
TN:
SF:node_modules/@openzeppelin/contracts/utils/math/Math.sol
FN:19,Math.max
FNDA:0,Math.max
DA:20,0
FN:26,Math.min
FNDA:0,Math.min
DA:27,0
FN:34,Math.average
FNDA:0,Math.average
DA:36,0
FN:45,Math.ceilDiv
FNDA:0,Math.ceilDiv
DA:47,0
FN:55,Math.mulDiv
FNDA:0,Math.mulDiv
DA:64,0
DA:65,0
DA:68,0
DA:69,0
DA:73,0
BRDA:73,0,0,-
BRDA:73,0,1,-
DA:74,0
DA:78,0
BRDA:78,1,0,-
BRDA:78,1,1,-
DA:85,0
DA:88,0
DA:91,0
DA:92,0
DA:99,0
DA:102,0
DA:105,0
DA:108,0
DA:112,0
DA:117,0
DA:121,0
DA:122,0
DA:123,0
DA:124,0
DA:125,0
DA:126,0
DA:132,0
DA:133,0
FN:140,Math.mulDiv
FNDA:0,Math.mulDiv
DA:146,0
DA:147,0
BRDA:147,2,0,-
BRDA:147,2,1,-
DA:148,0
DA:150,0
FN:158,Math.sqrt
FNDA:0,Math.sqrt
DA:159,0
BRDA:159,3,0,-
BRDA:159,3,1,-
DA:160,0
DA:173,0
DA:180,0
DA:181,0
DA:182,0
DA:183,0
DA:184,0
DA:185,0
DA:186,0
DA:187,0
FN:194,Math.sqrt
FNDA:0,Math.sqrt
DA:196,0
DA:197,0
FN:205,Math.log2
FNDA:0,Math.log2
DA:206,0
DA:208,0
BRDA:208,4,0,-
BRDA:208,4,1,-
DA:209,0
DA:210,0
DA:212,0
BRDA:212,5,0,-
BRDA:212,5,1,-
DA:213,0
DA:214,0
DA:216,0
BRDA:216,6,0,-
BRDA:216,6,1,-
DA:217,0
DA:218,0
DA:220,0
BRDA:220,7,0,-
BRDA:220,7,1,-
DA:221,0
DA:222,0
DA:224,0
BRDA:224,8,0,-
BRDA:224,8,1,-
DA:225,0
DA:226,0
DA:228,0
BRDA:228,9,0,-
BRDA:228,9,1,-
DA:229,0
DA:230,0
DA:232,0
BRDA:232,10,0,-
BRDA:232,10,1,-
DA:233,0
DA:234,0
DA:236,0
BRDA:236,11,0,-
BRDA:236,11,1,-
DA:237,0
DA:240,0
FN:247,Math.log2
FNDA:0,Math.log2
DA:249,0
DA:250,0
FN:258,Math.log10
FNDA:0,Math.log10
DA:259,0
DA:261,0
BRDA:261,12,0,-
BRDA:261,12,1,-
DA:262,0
DA:263,0
DA:265,0
BRDA:265,13,0,-
BRDA:265,13,1,-
DA:266,0
DA:267,0
DA:269,0
BRDA:269,14,0,-
BRDA:269,14,1,-
DA:270,0
DA:271,0
DA:273,0
BRDA:273,15,0,-
BRDA:273,15,1,-
DA:274,0
DA:275,0
DA:277,0
BRDA:277,16,0,-
BRDA:277,16,1,-
DA:278,0
DA:279,0
DA:281,0
BRDA:281,17,0,-
BRDA:281,17,1,-
DA:282,0
DA:283,0
DA:285,0
BRDA:285,18,0,-
BRDA:285,18,1,-
DA:286,0
DA:289,0
FN:296,Math.log10
FNDA:0,Math.log10
DA:298,0
DA:299,0
FN:309,Math.log256
FNDA:0,Math.log256
DA:310,0
DA:312,0
BRDA:312,19,0,-
BRDA:312,19,1,-
DA:313,0
DA:314,0
DA:316,0
BRDA:316,20,0,-
BRDA:316,20,1,-
DA:317,0
DA:318,0
DA:320,0
BRDA:320,21,0,-
BRDA:320,21,1,-
DA:321,0
DA:322,0
DA:324,0
BRDA:324,22,0,-
BRDA:324,22,1,-
DA:325,0
DA:326,0
DA:328,0
BRDA:328,23,0,-
BRDA:328,23,1,-
DA:329,0
DA:332,0
FN:339,Math.log256
FNDA:0,Math.log256
DA:341,0
DA:342,0
FNF:14
FNH:0
LF:115
LH:0
BRF:48
BRH:0
end_of_record
TN:
SF:node_modules/@openzeppelin/contracts/utils/math/SafeCast.sol
FN:35,SafeCast.toUint248
FNDA:0,SafeCast.toUint248
DA:36,0
BRDA:36,0,0,-
BRDA:36,0,1,-
DA:37,0
FN:52,SafeCast.toUint240
FNDA:0,SafeCast.toUint240
DA:53,0
BRDA:53,1,0,-
BRDA:53,1,1,-
DA:54,0
FN:69,SafeCast.toUint232
FNDA:0,SafeCast.toUint232
DA:70,0
BRDA:70,2,0,-
BRDA:70,2,1,-
DA:71,0
FN:86,SafeCast.toUint224
FNDA:0,SafeCast.toUint224
DA:87,0
BRDA:87,3,0,-
BRDA:87,3,1,-
DA:88,0
FN:103,SafeCast.toUint216
FNDA:0,SafeCast.toUint216
DA:104,0
BRDA:104,4,0,-
BRDA:104,4,1,-
DA:105,0
FN:120,SafeCast.toUint208
FNDA:0,SafeCast.toUint208
DA:121,0
BRDA:121,5,0,-
BRDA:121,5,1,-
DA:122,0
FN:137,SafeCast.toUint200
FNDA:0,SafeCast.toUint200
DA:138,0
BRDA:138,6,0,-
BRDA:138,6,1,-
DA:139,0
FN:154,SafeCast.toUint192
FNDA:0,SafeCast.toUint192
DA:155,0
BRDA:155,7,0,-
BRDA:155,7,1,-
DA:156,0
FN:171,SafeCast.toUint184
FNDA:0,SafeCast.toUint184
DA:172,0
BRDA:172,8,0,-
BRDA:172,8,1,-
DA:173,0
FN:188,SafeCast.toUint176
FNDA:0,SafeCast.toUint176
DA:189,0
BRDA:189,9,0,-
BRDA:189,9,1,-
DA:190,0
FN:205,SafeCast.toUint168
FNDA:0,SafeCast.toUint168
DA:206,0
BRDA:206,10,0,-
BRDA:206,10,1,-
DA:207,0
FN:222,SafeCast.toUint160
FNDA:0,SafeCast.toUint160
DA:223,0
BRDA:223,11,0,-
BRDA:223,11,1,-
DA:224,0
FN:239,SafeCast.toUint152
FNDA:0,SafeCast.toUint152
DA:240,0
BRDA:240,12,0,-
BRDA:240,12,1,-
DA:241,0
FN:256,SafeCast.toUint144
FNDA:0,SafeCast.toUint144
DA:257,0
BRDA:257,13,0,-
BRDA:257,13,1,-
DA:258,0
FN:273,SafeCast.toUint136
FNDA:0,SafeCast.toUint136
DA:274,0
BRDA:274,14,0,-
BRDA:274,14,1,-
DA:275,0
FN:290,SafeCast.toUint128
FNDA:0,SafeCast.toUint128
DA:291,0
BRDA:291,15,0,-
BRDA:291,15,1,-
DA:292,0
FN:307,SafeCast.toUint120
FNDA:0,SafeCast.toUint120
DA:308,0
BRDA:308,16,0,-
BRDA:308,16,1,-
DA:309,0
FN:324,SafeCast.toUint112
FNDA:0,SafeCast.toUint112
DA:325,0
BRDA:325,17,0,-
BRDA:325,17,1,-
DA:326,0
FN:341,SafeCast.toUint104
FNDA:0,SafeCast.toUint104
DA:342,0
BRDA:342,18,0,-
BRDA:342,18,1,-
DA:343,0
FN:358,SafeCast.toUint96
FNDA:0,SafeCast.toUint96
DA:359,0
BRDA:359,19,0,-
BRDA:359,19,1,-
DA:360,0
FN:375,SafeCast.toUint88
FNDA:0,SafeCast.toUint88
DA:376,0
BRDA:376,20,0,-
BRDA:376,20,1,-
DA:377,0
FN:392,SafeCast.toUint80
FNDA:0,SafeCast.toUint80
DA:393,0
BRDA:393,21,0,-
BRDA:393,21,1,-
DA:394,0
FN:409,SafeCast.toUint72
FNDA:0,SafeCast.toUint72
DA:410,0
BRDA:410,22,0,-
BRDA:410,22,1,-
DA:411,0
FN:426,SafeCast.toUint64
FNDA:0,SafeCast.toUint64
DA:427,0
BRDA:427,23,0,-
BRDA:427,23,1,-
DA:428,0
FN:443,SafeCast.toUint56
FNDA:0,SafeCast.toUint56
DA:444,0
BRDA:444,24,0,-
BRDA:444,24,1,-
DA:445,0
FN:460,SafeCast.toUint48
FNDA:0,SafeCast.toUint48
DA:461,0
BRDA:461,25,0,-
BRDA:461,25,1,-
DA:462,0
FN:477,SafeCast.toUint40
FNDA:0,SafeCast.toUint40
DA:478,0
BRDA:478,26,0,-
BRDA:478,26,1,-
DA:479,0
FN:494,SafeCast.toUint32
FNDA:0,SafeCast.toUint32
DA:495,0
BRDA:495,27,0,-
BRDA:495,27,1,-
DA:496,0
FN:511,SafeCast.toUint24
FNDA:0,SafeCast.toUint24
DA:512,0
BRDA:512,28,0,-
BRDA:512,28,1,-
DA:513,0
FN:528,SafeCast.toUint16
FNDA:0,SafeCast.toUint16
DA:529,0
BRDA:529,29,0,-
BRDA:529,29,1,-
DA:530,0
FN:545,SafeCast.toUint8
FNDA:0,SafeCast.toUint8
DA:546,0
BRDA:546,30,0,-
BRDA:546,30,1,-
DA:547,0
FN:559,SafeCast.toUint256
FNDA:0,SafeCast.toUint256
DA:560,0
BRDA:560,31,0,-
BRDA:560,31,1,-
DA:561,0
FN:577,SafeCast.toInt248
FNDA:0,SafeCast.toInt248
DA:578,0
DA:579,0
BRDA:579,32,0,-
BRDA:579,32,1,-
FN:595,SafeCast.toInt240
FNDA:0,SafeCast.toInt240
DA:596,0
DA:597,0
BRDA:597,33,0,-
BRDA:597,33,1,-
FN:613,SafeCast.toInt232
FNDA:0,SafeCast.toInt232
DA:614,0
DA:615,0
BRDA:615,34,0,-
BRDA:615,34,1,-
FN:631,SafeCast.toInt224
FNDA:0,SafeCast.toInt224
DA:632,0
DA:633,0
BRDA:633,35,0,-
BRDA:633,35,1,-
FN:649,SafeCast.toInt216
FNDA:0,SafeCast.toInt216
DA:650,0
DA:651,0
BRDA:651,36,0,-
BRDA:651,36,1,-
FN:667,SafeCast.toInt208
FNDA:0,SafeCast.toInt208
DA:668,0
DA:669,0
BRDA:669,37,0,-
BRDA:669,37,1,-
FN:685,SafeCast.toInt200
FNDA:0,SafeCast.toInt200
DA:686,0
DA:687,0
BRDA:687,38,0,-
BRDA:687,38,1,-
FN:703,SafeCast.toInt192
FNDA:0,SafeCast.toInt192
DA:704,0
DA:705,0
BRDA:705,39,0,-
BRDA:705,39,1,-
FN:721,SafeCast.toInt184
FNDA:0,SafeCast.toInt184
DA:722,0
DA:723,0
BRDA:723,40,0,-
BRDA:723,40,1,-
FN:739,SafeCast.toInt176
FNDA:0,SafeCast.toInt176
DA:740,0
DA:741,0
BRDA:741,41,0,-
BRDA:741,41,1,-
FN:757,SafeCast.toInt168
FNDA:0,SafeCast.toInt168
DA:758,0
DA:759,0
BRDA:759,42,0,-
BRDA:759,42,1,-
FN:775,SafeCast.toInt160
FNDA:0,SafeCast.toInt160
DA:776,0
DA:777,0
BRDA:777,43,0,-
BRDA:777,43,1,-
FN:793,SafeCast.toInt152
FNDA:0,SafeCast.toInt152
DA:794,0
DA:795,0
BRDA:795,44,0,-
BRDA:795,44,1,-
FN:811,SafeCast.toInt144
FNDA:0,SafeCast.toInt144
DA:812,0
DA:813,0
BRDA:813,45,0,-
BRDA:813,45,1,-
FN:829,SafeCast.toInt136
FNDA:0,SafeCast.toInt136
DA:830,0
DA:831,0
BRDA:831,46,0,-
BRDA:831,46,1,-
FN:847,SafeCast.toInt128
FNDA:0,SafeCast.toInt128
DA:848,0
DA:849,0
BRDA:849,47,0,-
BRDA:849,47,1,-
FN:865,SafeCast.toInt120
FNDA:0,SafeCast.toInt120
DA:866,0
DA:867,0
BRDA:867,48,0,-
BRDA:867,48,1,-
FN:883,SafeCast.toInt112
FNDA:0,SafeCast.toInt112
DA:884,0
DA:885,0
BRDA:885,49,0,-
BRDA:885,49,1,-
FN:901,SafeCast.toInt104
FNDA:0,SafeCast.toInt104
DA:902,0
DA:903,0
BRDA:903,50,0,-
BRDA:903,50,1,-
FN:919,SafeCast.toInt96
FNDA:0,SafeCast.toInt96
DA:920,0
DA:921,0
BRDA:921,51,0,-
BRDA:921,51,1,-
FN:937,SafeCast.toInt88
FNDA:0,SafeCast.toInt88
DA:938,0
DA:939,0
BRDA:939,52,0,-
BRDA:939,52,1,-
FN:955,SafeCast.toInt80
FNDA:0,SafeCast.toInt80
DA:956,0
DA:957,0
BRDA:957,53,0,-
BRDA:957,53,1,-
FN:973,SafeCast.toInt72
FNDA:0,SafeCast.toInt72
DA:974,0
DA:975,0
BRDA:975,54,0,-
BRDA:975,54,1,-
FN:991,SafeCast.toInt64
FNDA:0,SafeCast.toInt64
DA:992,0
DA:993,0
BRDA:993,55,0,-
BRDA:993,55,1,-
FN:1009,SafeCast.toInt56
FNDA:0,SafeCast.toInt56
DA:1010,0
DA:1011,0
BRDA:1011,56,0,-
BRDA:1011,56,1,-
FN:1027,SafeCast.toInt48
FNDA:0,SafeCast.toInt48
DA:1028,0
DA:1029,0
BRDA:1029,57,0,-
BRDA:1029,57,1,-
FN:1045,SafeCast.toInt40
FNDA:0,SafeCast.toInt40
DA:1046,0
DA:1047,0
BRDA:1047,58,0,-
BRDA:1047,58,1,-
FN:1063,SafeCast.toInt32
FNDA:0,SafeCast.toInt32
DA:1064,0
DA:1065,0
BRDA:1065,59,0,-
BRDA:1065,59,1,-
FN:1081,SafeCast.toInt24
FNDA:0,SafeCast.toInt24
DA:1082,0
DA:1083,0
BRDA:1083,60,0,-
BRDA:1083,60,1,-
FN:1099,SafeCast.toInt16
FNDA:0,SafeCast.toInt16
DA:1100,0
DA:1101,0
BRDA:1101,61,0,-
BRDA:1101,61,1,-
FN:1117,SafeCast.toInt8
FNDA:0,SafeCast.toInt8
DA:1118,0
DA:1119,0
BRDA:1119,62,0,-
BRDA:1119,62,1,-
FN:1131,SafeCast.toInt256
FNDA:0,SafeCast.toInt256
DA:1133,0
BRDA:1133,63,0,-
BRDA:1133,63,1,-
DA:1134,0
FNF:64
FNH:0
LF:128
LH:0
BRF:128
BRH:0
end_of_record
TN:
SF:node_modules/@openzeppelin/contracts/utils/structs/DoubleEndedQueue.sol
FN:53,DoubleEndedQueue.pushBack
FNDA:0,DoubleEndedQueue.pushBack
DA:54,0
DA:55,0
DA:57,0
FN:66,DoubleEndedQueue.popBack
FNDA:0,DoubleEndedQueue.popBack
DA:67,0
BRDA:67,0,0,-
BRDA:67,0,1,-
DA:68,0
DA:70,0
DA:72,0
DA:73,0
DA:74,0
FN:80,DoubleEndedQueue.pushFront
FNDA:0,DoubleEndedQueue.pushFront
DA:81,0
DA:83,0
DA:85,0
DA:86,0
FN:94,DoubleEndedQueue.popFront
FNDA:0,DoubleEndedQueue.popFront
DA:95,0
BRDA:95,1,0,-
BRDA:95,1,1,-
DA:96,0
DA:97,0
DA:98,0
DA:100,0
FN:109,DoubleEndedQueue.front
FNDA:0,DoubleEndedQueue.front
DA:110,0
BRDA:110,2,0,-
BRDA:110,2,1,-
DA:111,0
DA:112,0
FN:120,DoubleEndedQueue.back
FNDA:0,DoubleEndedQueue.back
DA:121,0
BRDA:121,3,0,-
BRDA:121,3,1,-
DA:122,0
DA:124,0
DA:126,0
FN:135,DoubleEndedQueue.at
FNDA:0,DoubleEndedQueue.at
DA:137,0
DA:138,0
BRDA:138,4,0,-
BRDA:138,4,1,-
DA:139,0
FN:148,DoubleEndedQueue.clear
FNDA:0,DoubleEndedQueue.clear
DA:149,0
DA:150,0
FN:156,DoubleEndedQueue.length
FNDA:0,DoubleEndedQueue.length
DA:160,0
FN:167,DoubleEndedQueue.empty
FNDA:0,DoubleEndedQueue.empty
DA:168,0
FNF:10
FNH:0
LF:32
LH:0
BRF:10
BRH:0
end_of_record
TN:
SF:node_modules/@openzeppelin/contracts/utils/structs/EnumerableSet.sol
FN:65,EnumerableSet._add
FNDA:0,EnumerableSet._add
DA:66,0
BRDA:66,0,0,-
BRDA:66,0,1,-
DA:67,0
DA:70,0
DA:71,0
DA:73,0
FN:83,EnumerableSet._remove
FNDA:0,EnumerableSet._remove
DA:85,0
DA:87,0
BRDA:87,1,0,-
BRDA:87,1,1,-
DA:93,0
DA:94,0
DA:96,0
BRDA:96,2,0,-
BRDA:96,2,1,-
DA:97,0
DA:100,0
DA:102,0
DA:106,0
DA:109,0
DA:111,0
DA:113,0
FN:120,EnumerableSet._contains
FNDA:0,EnumerableSet._contains
DA:121,0
FN:127,EnumerableSet._length
FNDA:0,EnumerableSet._length
DA:128,0
FN:141,EnumerableSet._at
FNDA:0,EnumerableSet._at
DA:142,0
FN:153,EnumerableSet._values
FNDA:0,EnumerableSet._values
DA:154,0
FN:169,EnumerableSet.add
FNDA:0,EnumerableSet.add
DA:170,0
FN:179,EnumerableSet.remove
FNDA:0,EnumerableSet.remove
DA:180,0
FN:186,EnumerableSet.contains
FNDA:0,EnumerableSet.contains
DA:187,0
FN:193,EnumerableSet.length
FNDA:0,EnumerableSet.length
DA:194,0
FN:207,EnumerableSet.at
FNDA:0,EnumerableSet.at
DA:208,0
FN:219,EnumerableSet.values
FNDA:0,EnumerableSet.values
DA:220,0
DA:221,0
DA:225,0
DA:228,0
FN:243,EnumerableSet.add
FNDA:0,EnumerableSet.add
DA:244,0
FN:253,EnumerableSet.remove
FNDA:0,EnumerableSet.remove
DA:254,0
FN:260,EnumerableSet.contains
FNDA:0,EnumerableSet.contains
DA:261,0
FN:267,EnumerableSet.length
FNDA:0,EnumerableSet.length
DA:268,0
FN:281,EnumerableSet.at
FNDA:0,EnumerableSet.at
DA:282,0
FN:293,EnumerableSet.values
FNDA:0,EnumerableSet.values
DA:294,0
DA:295,0
DA:299,0
DA:302,0
FN:317,EnumerableSet.add
FNDA:0,EnumerableSet.add
DA:318,0
FN:327,EnumerableSet.remove
FNDA:0,EnumerableSet.remove
DA:328,0
FN:334,EnumerableSet.contains
FNDA:0,EnumerableSet.contains
DA:335,0
FN:341,EnumerableSet.length
FNDA:0,EnumerableSet.length
DA:342,0
FN:355,EnumerableSet.at
FNDA:0,EnumerableSet.at
DA:356,0
FN:367,EnumerableSet.values
FNDA:0,EnumerableSet.values
DA:368,0
DA:369,0
DA:373,0
DA:376,0
FNF:24
FNH:0
LF:48
LH:0
BRF:6
BRH:0
end_of_record
TN:
SF:script/Common.s.sol
FN:17,Common.getChainId
FNDA:0,Common.getChainId
DA:18,0
DA:20,0
DA:22,0
FN:25,Common.getSemiRandSalt
FNDA:0,Common.getSemiRandSalt
DA:26,0
FN:29,Common.deployEthCollateralContracts
FNDA:0,Common.deployEthCollateralContracts
DA:31,0
DA:33,0
DA:36,0
DA:37,0
FN:40,Common.deployCollateralContracts
FNDA:0,Common.deployCollateralContracts
DA:42,0
DA:43,0
BRDA:43,0,0,-
BRDA:43,0,1,-
DA:44,0
DA:47,0
DA:54,0
FN:58,Common._revokeAllTo
FNDA:0,Common._revokeAllTo
DA:59,0
BRDA:59,1,0,-
BRDA:59,1,1,-
DA:62,0
DA:63,0
DA:64,0
DA:68,0
DA:69,0
DA:72,0
DA:73,0
DA:76,0
DA:77,0
DA:80,0
DA:81,0
DA:84,0
DA:86,0
BRDA:86,2,0,-
BRDA:86,2,1,-
DA:87,0
DA:91,0
DA:92,0
DA:93,0
DA:95,0
DA:96,0
DA:99,0
DA:100,0
DA:101,0
DA:104,0
DA:105,0
DA:106,0
FN:109,Common._revoke
FNDA:0,Common._revoke
DA:110,0
DA:111,0
FN:114,Common._delegateAllTo
FNDA:0,Common._delegateAllTo
DA:116,0
DA:117,0
DA:118,0
DA:119,0
DA:122,0
DA:123,0
DA:126,0
DA:127,0
DA:130,0
DA:131,0
DA:134,0
DA:135,0
DA:138,0
DA:140,0
DA:141,0
DA:142,0
DA:144,0
DA:145,0
DA:147,0
BRDA:147,3,0,-
BRDA:147,3,1,-
DA:148,0
DA:152,0
DA:153,0
DA:154,0
DA:157,0
DA:158,0
DA:159,0
FN:162,Common._delegate
FNDA:0,Common._delegate
DA:163,0
FN:166,Common._shouldRevoke
FNDA:0,Common._shouldRevoke
DA:167,0
FN:170,Common.deployTokenGovernance
FNDA:0,Common.deployTokenGovernance
DA:173,0
BRDA:173,4,0,-
BRDA:173,4,1,-
DA:174,0
DA:175,0
DA:177,0
DA:178,0
DA:179,0
DA:181,0
DA:183,0
DA:186,0
BRDA:186,5,0,-
BRDA:186,5,1,-
DA:187,0
DA:188,0
DA:196,0
DA:197,0
DA:207,0
DA:210,0
DA:211,0
DA:214,0
FN:217,Common.deployContracts
FNDA:0,Common.deployContracts
DA:218,0
BRDA:218,6,0,-
BRDA:218,6,1,-
DA:221,0
DA:223,0
DA:225,0
DA:227,0
DA:229,0
DA:233,0
DA:235,0
DA:239,0
DA:240,0
FN:243,Common.deployTaxModule
FNDA:0,Common.deployTaxModule
DA:244,0
DA:246,0
FN:251,Common.deployGlobalSettlement
FNDA:0,Common.deployGlobalSettlement
DA:252,0
DA:264,0
DA:267,0
FN:271,Common._setupGlobalSettlement
FNDA:0,Common._setupGlobalSettlement
DA:273,0
DA:274,0
DA:275,0
DA:276,0
DA:277,0
DA:278,0
DA:279,0
DA:280,0
DA:283,0
DA:286,0
FN:289,Common._setupContracts
FNDA:0,Common._setupContracts
DA:291,0
DA:292,0
DA:293,0
DA:294,0
DA:295,0
DA:296,0
DA:297,0
DA:298,0
DA:299,0
DA:300,0
DA:302,0
FN:305,Common._setupCollateral
FNDA:0,Common._setupCollateral
DA:306,0
DA:307,0
DA:308,0
DA:310,0
DA:311,0
BRDA:311,7,0,-
BRDA:311,7,1,-
DA:312,0
DA:316,0
FN:319,Common.deployOracleFactories
FNDA:0,Common.deployOracleFactories
DA:320,0
DA:321,0
DA:322,0
FN:325,Common.deployPIDController
FNDA:0,Common.deployPIDController
DA:326,0
DA:332,0
FN:339,Common._setupPIDController
FNDA:0,Common._setupPIDController
DA:341,0
DA:344,0
DA:347,0
FN:350,Common.deployJobContracts
FNDA:0,Common.deployJobContracts
DA:351,0
DA:352,0
DA:353,0
FN:356,Common._setupJobContracts
FNDA:0,Common._setupJobContracts
DA:357,0
DA:358,0
DA:359,0
FN:362,Common.deployProxyContracts
FNDA:0,Common.deployProxyContracts
DA:363,0
BRDA:363,8,0,-
BRDA:363,8,1,-
DA:364,0
DA:365,0
DA:367,0
DA:369,0
DA:371,0
DA:372,0
DA:375,0
FN:378,Common._deployProxyActions
FNDA:0,Common._deployProxyActions
DA:379,0
DA:380,0
DA:381,0
DA:382,0
DA:383,0
DA:384,0
DA:385,0
FNF:23
FNH:0
LF:158
LH:0
BRF:18
BRH:0
end_of_record
TN:
SF:script/Deploy.s.sol
FN:98,DeployMainnet.setUp
FNDA:0,DeployMainnet.setUp
DA:100,0
DA:101,0
DA:103,0
DA:104,0
DA:105,0
BRDA:105,0,0,-
BRDA:105,0,1,-
DA:106,0
DA:107,0
DA:109,0
DA:110,0
FN:114,DeployMainnet.mintAirdrop
FNDA:0,DeployMainnet.mintAirdrop
DA:115,0
BRDA:115,1,0,-
BRDA:115,1,1,-
DA:116,0
FN:120,DeployMainnet.setupEnvironment
FNDA:0,DeployMainnet.setupEnvironment
DA:122,0
DA:123,0
DA:125,0
DA:126,0
DA:129,0
DA:130,0
DA:132,0
DA:133,0
DA:135,0
DA:136,0
DA:139,0
DA:140,0
DA:142,0
DA:143,0
DA:145,0
DA:146,0
DA:148,0
DA:150,0
DA:151,0
DA:152,0
DA:153,0
DA:155,0
DA:156,0
DA:157,0
DA:158,0
DA:160,0
DA:161,0
DA:162,0
DA:163,0
FN:166,DeployMainnet.setupPostEnvironment
FNDA:0,DeployMainnet.setupPostEnvironment
FN:241,DeployAnvil.setUp
FNDA:0,DeployAnvil.setUp
DA:242,0
DA:243,0
FN:246,DeployAnvil.mintAirdrop
FNDA:0,DeployAnvil.mintAirdrop
DA:247,0
DA:248,0
DA:249,0
FN:253,DeployAnvil.setupEnvironment
FNDA:0,DeployAnvil.setupEnvironment
DA:255,0
DA:258,0
DA:259,0
DA:260,0
DA:261,0
DA:264,0
DA:267,0
DA:268,0
DA:269,0
DA:272,0
DA:273,0
DA:274,0
DA:277,0
DA:278,0
DA:279,0
DA:281,0
DA:282,0
DA:283,0
DA:284,0
DA:287,0
DA:288,0
DA:289,0
DA:290,0
FN:293,DeployAnvil.setupPostEnvironment
FNDA:0,DeployAnvil.setupPostEnvironment
FN:18,Deploy.setupEnvironment
FNDA:0,Deploy.setupEnvironment
FN:19,Deploy.setupPostEnvironment
FNDA:0,Deploy.setupPostEnvironment
FN:20,Deploy.mintAirdrop
FNDA:0,Deploy.mintAirdrop
FN:22,Deploy.run
FNDA:0,Deploy.run
DA:23,0
DA:24,0
DA:27,0
DA:28,0
DA:31,0
DA:32,0
DA:35,0
DA:36,0
DA:37,0
DA:38,0
DA:40,0
DA:43,0
DA:46,0
DA:49,0
DA:50,0
DA:51,0
DA:52,0
DA:54,0
DA:55,0
DA:58,0
DA:59,0
DA:62,0
DA:63,0
DA:66,0
DA:67,0
DA:69,0
BRDA:69,0,0,-
BRDA:69,0,1,-
DA:70,0
DA:71,0
DA:75,0
DA:78,0
DA:81,0
DA:83,0
BRDA:83,1,0,-
BRDA:83,1,1,-
DA:85,0
DA:88,0
DA:89,0
DA:90,0
DA:93,0
FN:174,DeploySepolia.setUp
FNDA:0,DeploySepolia.setUp
DA:176,0
DA:177,0
DA:179,0
DA:180,0
DA:181,0
BRDA:181,0,0,-
BRDA:181,0,1,-
DA:182,0
DA:183,0
DA:185,0
DA:186,0
FN:190,DeploySepolia.mintAirdrop
FNDA:0,DeploySepolia.mintAirdrop
DA:191,0
DA:192,0
DA:193,0
FN:197,DeploySepolia.setupEnvironment
FNDA:0,DeploySepolia.setupEnvironment
DA:199,0
DA:202,0
DA:203,0
DA:204,0
DA:205,0
DA:208,0
DA:212,0
DA:215,0
DA:216,0
DA:218,0
DA:219,0
DA:220,0
DA:222,0
DA:223,0
DA:224,0
DA:225,0
DA:228,0
DA:229,0
DA:230,0
DA:231,0
FN:237,DeploySepolia.setupPostEnvironment
FNDA:0,DeploySepolia.setupPostEnvironment
FNF:16
FNH:0
LF:137
LH:0
BRF:10
BRH:0
end_of_record
TN:
SF:script/MainnetParams.s.sol
FN:8,MainnetParams._getEnvironmentParams
FNDA:0,MainnetParams._getEnvironmentParams
DA:9,0
DA:14,0
DA:25,0
DA:32,0
DA:40,0
DA:44,0
DA:50,0
DA:57,0
DA:65,0
DA:70,0
DA:78,0
DA:83,0
DA:86,0
DA:87,0
DA:94,0
DA:95,0
DA:97,0
DA:103,0
DA:108,0
DA:113,0
DA:119,0
DA:128,0
DA:129,0
DA:130,0
FNF:1
FNH:0
LF:24
LH:0
BRF:0
BRH:0
end_of_record
TN:
SF:script/Params.s.sol
FN:96,ParamChecker._checkParams
FNDA:0,ParamChecker._checkParams
DA:97,0
DA:98,0
DA:100,0
DA:102,0
BRDA:102,0,0,-
BRDA:102,0,1,-
DA:103,0
BRDA:103,1,0,-
BRDA:103,1,1,-
FN:106,ParamChecker._checkCParams
FNDA:0,ParamChecker._checkCParams
DA:107,0
DA:108,0
DA:110,0
DA:112,0
BRDA:112,2,0,-
BRDA:112,2,1,-
DA:113,0
BRDA:113,3,0,-
BRDA:113,3,1,-
FNF:2
FNH:0
LF:10
LH:0
BRF:8
BRH:0
end_of_record
TN:
SF:script/SepoliaParams.s.sol
FN:11,SepoliaParams._getEnvironmentParams
FNDA:0,SepoliaParams._getEnvironmentParams
DA:13,0
DA:15,0
DA:20,0
DA:31,0
DA:38,0
DA:46,0
DA:50,0
DA:56,0
DA:63,0
DA:71,0
DA:76,0
DA:84,0
DA:89,0
DA:92,0
DA:93,0
DA:100,0
DA:101,0
DA:103,0
DA:109,0
DA:114,0
DA:119,0
DA:125,0
DA:134,0
DA:135,0
DA:136,0
DA:137,0
DA:139,0
DA:140,0
FNF:1
FNH:0
LF:28
LH:0
BRF:0
BRH:0
end_of_record
TN:
SF:script/SepoliaScript.s.sol
FN:41,SepoliaDelegate.setUp
[...]
FNDA:0,Base._mockCollateralShortfall
DA:175,0
FN:179,Base._mockCollateralTotalDebt
FNDA:0,Base._mockCollateralTotalDebt
DA:180,0
FN:184,Base._mockCollateralCashPrice
FNDA:0,Base._mockCollateralCashPrice
DA:185,0
FN:189,Base._mockCoinBag
FNDA:0,Base._mockCoinBag
DA:190,0
FN:194,Base._mockCoinsUsedToRedeem
FNDA:0,Base._mockCoinsUsedToRedeem
DA:195,0
FNF:20
FNH:0
LF:24
LH:0
BRF:0
BRH:0
end_of_record
TN:
SF:test/testnet/unit/LiquidationEngine.t.sol
FN:250,SAFESaviourCollateralTypeModifier.saveSAFE
FNDA:512,SAFESaviourCollateralTypeModifier.saveSAFE
DA:255,512
DA:256,512
DA:267,512
FN:224,SAFESaviourIncreaseGeneratedDebtOrDecreaseCollateral.saveSAFE
FNDA:512,SAFESaviourIncreaseGeneratedDebtOrDecreaseCollateral.saveSAFE
DA:229,512
DA:230,512
DA:231,512
DA:233,512
FN:48,Base.setUp
FNDA:0,Base.setUp
DA:49,0
DA:51,0
DA:53,0
FN:61,Base._mockCurrentOnAuctionSystemCoins
FNDA:0,Base._mockCurrentOnAuctionSystemCoins
DA:62,0
FN:66,Base._mockOnAuctionSystemCoinLimit
FNDA:0,Base._mockOnAuctionSystemCoinLimit
DA:67,0
FN:70,Base._mockSafeSaviours
FNDA:0,Base._mockSafeSaviours
DA:71,0
FN:75,Base._mockSafeEngineCanModifySafe
FNDA:0,Base._mockSafeEngineCanModifySafe
DA:76,0
FN:83,Base._mockSaveSafe
FNDA:0,Base._mockSaveSafe
DA:84,0
FN:91,Base._mockCollateralList
FNDA:0,Base._mockCollateralList
DA:92,0
FN:95,Base._mockLiquidationEngineCollateralType
FNDA:0,Base._mockLiquidationEngineCollateralType
DA:106,0
DA:115,0
DA:118,0
FN:122,Base._mockSafeEngineCData
FNDA:512,Base._mockSafeEngineCData
DA:130,512
FN:137,Base._mockSafeEngineCParams
FNDA:512,Base._mockSafeEngineCParams
DA:138,512
FN:145,Base._mockSafeEngineCollateralTypes
FNDA:512,Base._mockSafeEngineCollateralTypes
DA:155,512
DA:156,512
FN:159,Base._mockSafeEngineSafes
FNDA:1024,Base._mockSafeEngineSafes
DA:165,1024
FN:172,Base._mockChosenSafeSaviour
FNDA:0,Base._mockChosenSafeSaviour
DA:173,0
FN:177,Base._mockAccountingEnginePushDebtToQueue
FNDA:0,Base._mockAccountingEnginePushDebtToQueue
DA:178,0
FN:185,Base._mockContractEnabled
FNDA:0,Base._mockContractEnabled
DA:186,0
FN:189,Base._mockSafeSaviourSaveSafe
FNDA:0,Base._mockSafeSaviourSaveSafe
DA:198,0
FN:207,FailorSafeSaviour.saveSAFE
FNDA:256,FailorSafeSaviour.saveSAFE
DA:208,256
FNF:19
FNH:7
LF:29
LH:13
BRF:0
BRH:0
end_of_record
TN:
SF:test/testnet/unit/Modifiable.t.sol
FN:17,Base.setUp
FNDA:0,Base.setUp
DA:18,0
DA:20,0
DA:21,0
DA:23,0
DA:25,0
FNF:1
FNH:0
LF:5
LH:0
BRF:0
BRH:0
end_of_record
TN:
SF:test/testnet/unit/OracleRelayer.t.sol
FN:36,Base.setUp
FNDA:0,Base.setUp
DA:37,0
DA:38,0
DA:39,0
DA:40,0
DA:41,0
DA:42,0
FN:50,Base._mockContractEnabled
FNDA:0,Base._mockContractEnabled
DA:52,0
FN:55,Base._mockRedemptionRate
FNDA:0,Base._mockRedemptionRate
DA:56,0
FN:59,Base._mockCTypeSafetyCRatio
FNDA:0,Base._mockCTypeSafetyCRatio
DA:60,0
FN:64,Base._mockCTypeLiquidationCRatio
FNDA:0,Base._mockCTypeLiquidationCRatio
DA:65,0
FN:69,Base._mockCollateralList
FNDA:0,Base._mockCollateralList
DA:70,0
FN:73,Base._mockRedemptionPrice
FNDA:0,Base._mockRedemptionPrice
DA:74,0
FN:77,Base._mockRedemptionPriceUpdateTime
FNDA:0,Base._mockRedemptionPriceUpdateTime
DA:78,0
FN:83,Base._mockRedemptionRateUpperBound
FNDA:0,Base._mockRedemptionRateUpperBound
DA:84,0
FN:89,Base._mockRedemptionRateLowerBound
FNDA:0,Base._mockRedemptionRateLowerBound
DA:90,0
FN:97,SAFEEngineForTest.updateCollateralPrice
FNDA:2560,SAFEEngineForTest.updateCollateralPrice
FNF:11
FNH:1
LF:15
LH:0
BRF:0
BRH:0
end_of_record
TN:
SF:test/testnet/unit/PIDController.t.sol
FN:36,Base._createPidController
FNDA:0,Base._createPidController
DA:37,0
DA:39,0
DA:40,0
DA:42,0
DA:50,0
FN:58,Base.setUp
FNDA:0,Base.setUp
DA:59,0
DA:67,0
DA:69,0
DA:70,0
DA:72,0
DA:73,0
DA:74,0
DA:75,0
FN:80,Base._mockIntegralPeriodSize
FNDA:0,Base._mockIntegralPeriodSize
DA:81,0
FN:86,Base._mockPerSecondCumulativeLeak
FNDA:0,Base._mockPerSecondCumulativeLeak
DA:87,0
FN:92,Base._mockNoiseBarrier
FNDA:0,Base._mockNoiseBarrier
DA:93,0
FN:96,Base._mockFeedbackOutputUpperBound
FNDA:0,Base._mockFeedbackOutputUpperBound
DA:97,0
FN:102,Base._mockFeedbackOutputLowerBound
FNDA:0,Base._mockFeedbackOutputLowerBound
DA:104,0
FN:111,Base._mockGetProportionalTerm
FNDA:0,Base._mockGetProportionalTerm
DA:112,0
FN:119,Base._mockLastUpdateTime
FNDA:0,Base._mockLastUpdateTime
DA:120,0
FN:125,Base._mockProportionalTerm
FNDA:0,Base._mockProportionalTerm
DA:127,0
FN:132,Base._mockIntegralTerm
FNDA:0,Base._mockIntegralTerm
DA:134,0
FN:139,Base._mockControllerGains
FNDA:0,Base._mockControllerGains
DA:140,0
DA:144,0
FN:149,Base._mockGetNextDeviationCumulative
FNDA:0,Base._mockGetNextDeviationCumulative
DA:150,0
FN:157,Base._mockGetGainAdjustedPIOutput
FNDA:0,Base._mockGetGainAdjustedPIOutput
DA:158,0
FN:165,Base._mockBreakNoiseBarrier
FNDA:0,Base._mockBreakNoiseBarrier
DA:166,0
FN:173,Base._mockGetBoundedRedemptionRate
FNDA:0,Base._mockGetBoundedRedemptionRate
DA:174,0
FN:181,Base.setCallSuper
FNDA:0,Base.setCallSuper
DA:182,0
FN:185,Base._mockBoundedPIOutput
FNDA:0,Base._mockBoundedPIOutput
DA:186,0
FN:193,Base._mockGetGainAdjustedTerms
FNDA:0,Base._mockGetGainAdjustedTerms
DA:194,0
FN:201,Base._mockGetNextRedemptionRate
FNDA:0,Base._mockGetNextRedemptionRate
DA:206,0
FNF:20
FNH:0
LF:32
LH:0
BRF:0
BRH:0
end_of_record
TN:
SF:test/testnet/unit/PIDRateSetter.t.sol
FN:27,Base._createDefaulPIDRateSetter
FNDA:0,Base._createDefaulPIDRateSetter
DA:28,0
DA:29,0
FN:34,Base.setUp
FNDA:0,Base.setUp
DA:35,0
FN:43,Base._mockOracleRelayerMarketPrice
FNDA:0,Base._mockOracleRelayerMarketPrice
DA:44,0
FN:49,Base._mockOracleRelayerRedemptionPrice
FNDA:0,Base._mockOracleRelayerRedemptionPrice
DA:50,0
FN:57,Base._mockOracleRelayerUpdateRedemptionRate
FNDA:0,Base._mockOracleRelayerUpdateRedemptionRate
DA:58,0
FN:63,Base._mockLastUpdateTime
FNDA:0,Base._mockLastUpdateTime
DA:64,0
FN:67,Base._mockUpdateRateDelay
FNDA:0,Base._mockUpdateRateDelay
DA:68,0
FN:71,Base._mockPIDControllerComputeRate
FNDA:0,Base._mockPIDControllerComputeRate
DA:76,0
FNF:8
FNH:0
LF:9
LH:0
BRF:0
BRH:0
end_of_record
TN:
SF:test/testnet/unit/PostSettlementSurplusAuctionHouse.t.sol
FN:42,Base.setUp
FNDA:0,Base.setUp
DA:43,0
DA:45,0
DA:47,0
DA:49,0
DA:51,0
FN:54,Base._mockAuction
FNDA:0,Base._mockAuction
DA:56,0
FN:66,Base._mockAuctionsStarted
FNDA:0,Base._mockAuctionsStarted
DA:67,0
FN:72,Base._mockBidIncrease
FNDA:0,Base._mockBidIncrease
DA:73,0
FN:77,Base._mockBidDuration
FNDA:0,Base._mockBidDuration
DA:78,0
FN:82,Base._mockTotalAuctionLength
FNDA:0,Base._mockTotalAuctionLength
DA:83,0
FNF:6
FNH:0
LF:10
LH:0
BRF:0
BRH:0
end_of_record
TN:
SF:test/testnet/unit/SAFEEngine.t.sol
FN:34,Base.setUp
FNDA:0,Base.setUp
DA:35,0
DA:37,0
FN:46,Base._mockTokenCollateral
FNDA:0,Base._mockTokenCollateral
DA:47,0
FN:51,Base._mockCoinBalance
FNDA:0,Base._mockCoinBalance
DA:52,0
FN:55,Base._mockSafeData
FNDA:0,Base._mockSafeData
DA:56,0
DA:58,0
FN:62,Base._mockCollateralList
FNDA:0,Base._mockCollateralList
DA:63,0
FN:66,Base._mockCollateralType
FNDA:0,Base._mockCollateralType
DA:68,0
DA:71,0
DA:74,0
DA:77,0
DA:80,0
FN:85,Base._mockCollateralParams
FNDA:0,Base._mockCollateralParams
DA:87,0
DA:88,0
FN:91,Base._mockDebtCeiling
FNDA:0,Base._mockDebtCeiling
DA:92,0
FN:97,Base._mockDebtFloor
FNDA:0,Base._mockDebtFloor
DA:98,0
FN:103,Base._mockParams
FNDA:0,Base._mockParams
DA:104,0
DA:105,0
FN:108,Base._mockSafeDebtCeiling
FNDA:0,Base._mockSafeDebtCeiling
DA:109,0
FN:112,Base._mockGlobalDebtCeiling
FNDA:0,Base._mockGlobalDebtCeiling
DA:113,0
FN:116,Base._mockGlobalUnbackedDebt
FNDA:0,Base._mockGlobalUnbackedDebt
DA:117,0
FN:120,Base._mockDebtBalance
FNDA:0,Base._mockDebtBalance
DA:121,0
FN:124,Base._mockGlobalDebt
FNDA:0,Base._mockGlobalDebt
DA:125,0
FN:128,Base._mockContractEnabled
FNDA:0,Base._mockContractEnabled
DA:129,0
FN:132,Base._mockCanModifySafe
FNDA:0,Base._mockCanModifySafe
DA:133,0
FNF:17
FNH:0
LF:25
LH:0
BRF:0
BRH:0
end_of_record
TN:
SF:test/testnet/unit/SettlementSurplusAuctioneer.t.sol
FN:30,Base.setUp
FNDA:0,Base.setUp
DA:31,0
DA:33,0
DA:35,0
DA:37,0
DA:39,0
DA:41,0
FN:44,Base._mockContractEnabled
FNDA:0,Base._mockContractEnabled
DA:45,0
FN:52,Base._mockSafeEngine
FNDA:0,Base._mockSafeEngine
DA:53,0
FN:58,Base._mockAccountingEngineParams
FNDA:0,Base._mockAccountingEngineParams
DA:68,0
FN:84,Base._mockStartAuction
FNDA:0,Base._mockStartAuction
DA:85,0
FN:92,Base._mockCoinBalance
FNDA:0,Base._mockCoinBalance
DA:93,0
FN:98,Base._mockLastSurplusAuctionTime
FNDA:0,Base._mockLastSurplusAuctionTime
DA:99,0
FNF:7
FNH:0
LF:12
LH:0
BRF:0
BRH:0
end_of_record
TN:
SF:test/testnet/unit/StabilityFeeTreasury.t.sol
FN:38,Base._mockCoinJoinSystemCoin
FNDA:0,Base._mockCoinJoinSystemCoin
DA:39,0
FN:42,Base._mockSystemCoinApprove
FNDA:0,Base._mockSystemCoinApprove
DA:43,0
FN:48,Base._mockSystemCoinBalanceOf
FNDA:0,Base._mockSystemCoinBalanceOf
DA:49,0
FN:56,Base._mockSafeEngineCoinBalance
FNDA:0,Base._mockSafeEngineCoinBalance
DA:57,0
FN:64,Base._mockSafeEngineDebtBalance
FNDA:0,Base._mockSafeEngineDebtBalance
DA:65,0
FN:72,Base._mockContractEnabled
FNDA:0,Base._mockContractEnabled
DA:73,0
FN:76,Base._mockTotalAllowance
FNDA:0,Base._mockTotalAllowance
DA:77,0
FN:81,Base._mockPerHourAllowance
FNDA:0,Base._mockPerHourAllowance
DA:82,0
FN:86,Base._mockPulledPerHour
FNDA:0,Base._mockPulledPerHour
DA:87,0
FN:91,Base._mockLatestSurplusTransferTime
FNDA:0,Base._mockLatestSurplusTransferTime
DA:92,0
FN:97,Base._mockTreasuryCapacity
FNDA:0,Base._mockTreasuryCapacity
DA:98,0
FN:103,Base._mockPullFundsMinThreshold
FNDA:0,Base._mockPullFundsMinThreshold
DA:104,0
FN:109,Base._mockSurplusTransferDelay
FNDA:0,Base._mockSurplusTransferDelay
DA:110,0
FN:115,Base.setUp
FNDA:0,Base.setUp
DA:116,0
DA:118,0
DA:119,0
DA:121,0
DA:124,0
DA:126,0
DA:128,0
FNF:14
FNH:0
LF:20
LH:0
BRF:0
BRH:0
end_of_record
TN:
SF:test/testnet/unit/SurplusAuctionHouse.t.sol
FN:46,Base.setUp
FNDA:0,Base.setUp
DA:47,0
DA:49,0
DA:50,0
DA:52,0
DA:54,0
FN:57,Base._mockCoinBalance
FNDA:0,Base._mockCoinBalance
DA:58,0
FN:63,Base._mockContractEnabled
FNDA:0,Base._mockContractEnabled
DA:64,0
FN:69,Base._mockAuction
FNDA:0,Base._mockAuction
DA:71,0
FN:81,Base._mockAuctionsStarted
FNDA:0,Base._mockAuctionsStarted
DA:82,0
FN:88,Base._mockBidIncrease
FNDA:0,Base._mockBidIncrease
DA:89,0
FN:94,Base._mockBidDuration
FNDA:0,Base._mockBidDuration
DA:95,0
FN:100,Base._mockTotalAuctionLength
FNDA:0,Base._mockTotalAuctionLength
DA:101,0
FN:106,Base._mockBidReceiver
FNDA:0,Base._mockBidReceiver
DA:108,0
FN:111,Base._mockRecyclingPercentage
FNDA:0,Base._mockRecyclingPercentage
DA:112,0
FNF:10
FNH:0
LF:14
LH:0
BRF:0
BRH:0
end_of_record
TN:
SF:test/testnet/unit/TaxCollector.t.sol
FN:61,Base.setUp
FNDA:0,Base.setUp
DA:62,0
DA:64,0
DA:65,0
DA:67,0
DA:69,0
FN:72,Base.setUpTaxManyOutcome
FNDA:0,Base.setUpTaxManyOutcome
DA:73,0
DA:74,0
DA:75,0
DA:78,0
DA:81,0
DA:82,0
DA:83,0
FN:86,Base.setUpTaxSingleOutcome
FNDA:0,Base.setUpTaxSingleOutcome
DA:88,0
DA:91,0
DA:92,0
FN:95,Base.setUpTaxMany
FNDA:0,Base.setUpTaxMany
DA:96,0
DA:98,0
DA:99,0
DA:100,0
DA:103,0
DA:104,0
DA:105,0
FN:108,Base.setUpTaxSingle
FNDA:0,Base.setUpTaxSingle
DA:109,0
DA:111,0
DA:114,0
FN:117,Base.setUpSplitTaxIncome
FNDA:0,Base.setUpSplitTaxIncome
DA:118,0
DA:121,0
DA:122,0
DA:125,0
DA:126,0
DA:127,0
DA:128,0
DA:129,0
FN:132,Base.setUpDistributeTax
FNDA:0,Base.setUpDistributeTax
DA:134,0
DA:135,0
DA:138,0
DA:139,0
FN:142,Base._mockCoinBalance
FNDA:0,Base._mockCoinBalance
DA:143,0
FN:148,Base._mockSafeEngineCData
FNDA:0,Base._mockSafeEngineCData
DA:156,0
FN:164,Base._mockGlobalStabilityFee
FNDA:0,Base._mockGlobalStabilityFee
DA:165,0
FN:170,Base._mockMaxStabilityFeeRange
FNDA:0,Base._mockMaxStabilityFeeRange
DA:171,0
FN:177,Base._mockStabilityFee
FNDA:0,Base._mockStabilityFee
DA:178,0
FN:184,Base._mockNextStabilityFee
FNDA:0,Base._mockNextStabilityFee
DA:185,0
FN:190,Base._mockUpdateTime
FNDA:0,Base._mockUpdateTime
DA:191,0
FN:196,Base._mockSecondaryReceiverAllotedTax
FNDA:0,Base._mockSecondaryReceiverAllotedTax
DA:197,0
FN:202,Base._mockSecondaryTaxReceiver
FNDA:0,Base._mockSecondaryTaxReceiver
DA:209,0
FN:212,Base._mockCollateralList
FNDA:0,Base._mockCollateralList
DA:213,0
FN:216,Base._mockSecondaryReceiver
FNDA:0,Base._mockSecondaryReceiver
DA:217,0
FN:220,Base._assumeCurrentTaxCut
FNDA:0,Base._assumeCurrentTaxCut
DA:226,0
BRDA:226,0,0,-
BRDA:226,0,1,-
DA:227,0
DA:228,0
BRDA:228,1,0,-
BRDA:228,1,1,-
DA:229,0
DA:230,0
DA:231,0
DA:232,0
DA:233,0
DA:235,0
DA:239,0
DA:240,0
DA:243,0
DA:244,0
BRDA:244,2,0,-
BRDA:244,2,1,-
DA:245,0
DA:246,0
DA:247,0
DA:248,0
DA:249,0
DA:251,0
DA:255,0
DA:256,0
FNF:19
FNH:0
LF:69
LH:0
BRF:6
BRH:0
end_of_record
TN:
SF:test/testnet/unit/TokenDistributor.t.sol
FN:39,Base.setUp
FNDA:0,Base.setUp
DA:40,0
DA:41,0
DA:42,0
DA:43,0
DA:44,0
DA:45,0
DA:47,0
DA:48,0
DA:49,0
DA:50,0
DA:51,0
DA:52,0
DA:54,0
DA:55,0
DA:58,0
DA:59,0
DA:60,0
DA:61,0
DA:63,0
DA:65,0
DA:66,0
DA:67,0
DA:70,0
DA:71,0
FN:74,Base._mockERC20VotesDelegate
FNDA:0,Base._mockERC20VotesDelegate
DA:75,0
FN:78,Base._mockERC20VotesTransfer
FNDA:0,Base._mockERC20VotesTransfer
DA:79,0
FN:82,Base._mockERC20VotesTransferFail
FNDA:0,Base._mockERC20VotesTransferFail
DA:83,0
FN:86,Base._mockERC20VotesBalanceOf
FNDA:0,Base._mockERC20VotesBalanceOf
DA:87,0
FN:90,Base._mockERC20VotesDelegateBySig
FNDA:0,Base._mockERC20VotesDelegateBySig
DA:98,0
FN:103,Base._mockClaimed
FNDA:0,Base._mockClaimed
DA:104,0
FNF:7
FNH:0
LF:30
LH:0
BRF:0
BRH:0
end_of_record
TN:
SF:test/testnet/unit/Vault721.t.sol
FN:22,Base.setUp
FNDA:0,Base.setUp
DA:23,0
DA:25,0
DA:26,0
DA:28,0
DA:29,0
DA:30,0
DA:32,0
FNF:1
FNH:0
LF:7
LH:0
BRF:0
BRH:0
end_of_record
TN:
SF:test/testnet/unit/jobs/AccountingJob.t.sol
FN:258,Unit_AccountingJob_WorkTransferExtraSurplus._mockValues
FNDA:0,Unit_AccountingJob_WorkTransferExtraSurplus._mockValues
DA:259,0
FN:26,Base.setUp
FNDA:0,Base.setUp
DA:27,0
DA:29,0
DA:31,0
DA:33,0
DA:35,0
FN:38,Base._mockAuctionDebt
FNDA:0,Base._mockAuctionDebt
DA:39,0
FN:42,Base._mockAuctionSurplus
FNDA:0,Base._mockAuctionSurplus
DA:43,0
FN:46,Base._mockRewardAmount
FNDA:0,Base._mockRewardAmount
DA:47,0
FN:50,Base._mockShouldWorkPopDebtFromQueue
FNDA:0,Base._mockShouldWorkPopDebtFromQueue
DA:52,0
FN:55,Base._mockShouldWorkAuctionDebt
FNDA:0,Base._mockShouldWorkAuctionDebt
DA:57,0
FN:60,Base._mockShouldWorkAuctionSurplus
FNDA:0,Base._mockShouldWorkAuctionSurplus
DA:62,0
FN:65,Base._mockShouldWorkTransferExtraSurplus
FNDA:0,Base._mockShouldWorkTransferExtraSurplus
DA:67,0
FNF:9
FNH:0
LF:13
LH:0
BRF:0
BRH:0
end_of_record
TN:
SF:test/testnet/unit/jobs/Job.t.sol
FN:20,Base.setUp
FNDA:0,Base.setUp
DA:21,0
DA:22,0
DA:23,0
FN:26,Base._mockRewardAmount
FNDA:0,Base._mockRewardAmount
DA:27,0
FNF:2
FNH:0
LF:4
LH:0
BRF:0
BRH:0
end_of_record
TN:
SF:test/testnet/unit/jobs/LiquidationJob.t.sol
FN:26,Base.setUp
FNDA:0,Base.setUp
DA:27,0
DA:29,0
DA:31,0
DA:33,0
DA:35,0
FN:38,Base._mockLiquidateSAFE
FNDA:0,Base._mockLiquidateSAFE
DA:39,0
FN:46,Base._mockRewardAmount
FNDA:0,Base._mockRewardAmount
DA:47,0
FN:50,Base._mockShouldWork
FNDA:0,Base._mockShouldWork
DA:52,0
FNF:4
FNH:0
LF:8
LH:0
BRF:0
BRH:0
end_of_record
TN:
SF:test/testnet/unit/jobs/OracleJob.t.sol
FN:30,Base.setUp
FNDA:0,Base.setUp
DA:31,0
DA:33,0
DA:36,0
DA:38,0
DA:40,0
FN:43,Base._mockOracleRelayerCollateralParams
FNDA:0,Base._mockOracleRelayerCollateralParams
DA:49,0
FN:56,Base._mockUpdateResult
FNDA:0,Base._mockUpdateResult
DA:57,0
FN:60,Base._mockRewardAmount
FNDA:0,Base._mockRewardAmount
DA:61,0
FN:64,Base._mockShouldWorkUpdateCollateralPrice
FNDA:0,Base._mockShouldWorkUpdateCollateralPrice
DA:66,0
FN:69,Base._mockShouldWorkUpdateRate
FNDA:0,Base._mockShouldWorkUpdateRate
DA:71,0
FNF:6
FNH:0
LF:10
LH:0
BRF:0
BRH:0
end_of_record
TN:
SF:test/testnet/unit/oracles/ChainlinkRelayerFactory.t.sol
FN:24,Base.setUp
FNDA:0,Base.setUp
DA:25,0
DA:27,0
DA:28,0
DA:30,0
DA:32,0
FN:35,Base._mockDecimals
FNDA:0,Base._mockDecimals
DA:36,0
FN:39,Base._mockDescription
FNDA:0,Base._mockDescription
DA:40,0
FNF:3
FNH:0
LF:7
LH:0
BRF:0
BRH:0
end_of_record
TN:
SF:test/testnet/unit/oracles/DelayedOracleFactory.t.sol
FN:24,Base.setUp
FNDA:0,Base.setUp
DA:25,0
DA:27,0
DA:28,0
DA:30,0
DA:32,0
FN:35,Base._mockSymbol
FNDA:0,Base._mockSymbol
DA:36,0
FN:39,Base._mockGetResultWithValidity
FNDA:0,Base._mockGetResultWithValidity
DA:40,0
FNF:3
FNH:0
LF:7
LH:0
BRF:0
BRH:0
end_of_record
TN:
SF:test/testnet/unit/oracles/DenominatedOracleFactory.t.sol
FN:25,Base.setUp
FNDA:0,Base.setUp
DA:26,0
DA:28,0
DA:29,0
DA:31,0
DA:33,0
FN:36,Base._mockSymbol
FNDA:0,Base._mockSymbol
DA:37,0
DA:38,0
FNF:2
FNH:0
LF:7
LH:0
BRF:0
BRH:0
end_of_record
TN:
SF:test/testnet/utils/HaiTest.t.sol
FN:10,OverflowChecker.trySum
FNDA:0,OverflowChecker.trySum
DA:11,0
DA:12,0
FN:16,OverflowChecker.notOverflowAdd
FNDA:0,OverflowChecker.notOverflowAdd
DA:17,0
FN:24,OverflowChecker.notOverflowAdd
FNDA:0,OverflowChecker.notOverflowAdd
DA:25,0
DA:26,0
DA:27,0
DA:28,0
DA:30,0
FN:33,OverflowChecker.notOverflowAdd
FNDA:0,OverflowChecker.notOverflowAdd
DA:34,0
FN:37,OverflowChecker.notOverflowAdd
FNDA:0,OverflowChecker.notOverflowAdd
DA:38,0
BRDA:38,0,0,-
BRDA:38,0,1,-
DA:39,0
DA:40,0
BRDA:40,1,0,-
BRDA:40,1,1,-
DA:41,0
DA:43,0
BRDA:43,2,0,-
BRDA:43,2,1,-
DA:44,0
DA:46,0
FN:52,OverflowChecker.notOverflowAdd
FNDA:0,OverflowChecker.notOverflowAdd
DA:53,0
FN:56,OverflowChecker.notUnderflow
FNDA:0,OverflowChecker.notUnderflow
DA:57,0
FN:61,OverflowChecker.notUnderOrOverflowAdd
FNDA:0,OverflowChecker.notUnderOrOverflowAdd
DA:62,0
BRDA:62,3,0,-
BRDA:62,3,1,-
DA:63,0
BRDA:63,4,0,-
BRDA:63,4,1,-
DA:64,0
DA:66,0
DA:69,0
FN:74,OverflowChecker.notUnderOrOverflowSub
FNDA:0,OverflowChecker.notUnderOrOverflowSub
DA:75,0
BRDA:75,5,0,-
BRDA:75,5,1,-
DA:76,0
DA:78,0
FN:82,OverflowChecker.notOverflowMul
FNDA:0,OverflowChecker.notOverflowMul
DA:83,0
BRDA:83,6,0,-
BRDA:83,6,1,-
DA:84,0
DA:86,0
FN:90,OverflowChecker.notOverflowMul
FNDA:0,OverflowChecker.notOverflowMul
DA:91,0
BRDA:91,7,0,-
BRDA:91,7,1,-
DA:92,0
DA:93,0
BRDA:93,8,0,-
BRDA:93,8,1,-
DA:94,0
DA:96,0
FN:101,OverflowChecker.notUnderOrOverflowMul
FNDA:0,OverflowChecker.notUnderOrOverflowMul
DA:102,0
BRDA:102,9,0,-
BRDA:102,9,1,-
DA:103,0
DA:104,0
BRDA:104,10,0,-
BRDA:104,10,1,-
DA:105,0
DA:106,0
BRDA:106,11,0,-
BRDA:106,11,1,-
DA:107,0
BRDA:107,12,0,-
BRDA:107,12,1,-
DA:108,0
DA:110,0
DA:113,0
FN:117,OverflowChecker.tryRPow
FNDA:0,OverflowChecker.tryRPow
DA:118,0
FN:121,OverflowChecker.notOverflowRPow
FNDA:0,OverflowChecker.notOverflowRPow
DA:122,0
FN:129,OverflowChecker.notOverflowInt256
FNDA:0,OverflowChecker.notOverflowInt256
DA:130,0
FNF:15
FNH:0
LF:46
LH:0
BRF:26
BRH:0
end_of_record
TN:
SF:test/testnet/utils/InternalCallsWatcher.sol
FN:20,InternalCallsExtension.setCallSuper
FNDA:548,InternalCallsExtension.setCallSuper
DA:21,548
FN:5,InternalCallsWatcher.calledInternal
FNDA:29856,InternalCallsWatcher.calledInternal
FNF:2
FNH:2
LF:1
LH:1
BRF:0
BRH:0
end_of_record
TN:
SF:test/testnet/utils/MerkleTreeGenerator.sol
FN:8,MerkleTreeGenerator.generateMerkleTree
FNDA:56,MerkleTreeGenerator.generateMerkleTree
DA:9,56
BRDA:9,0,0,-
BRDA:9,0,1,56
DA:11,56
DA:13,56
DA:14,280
DA:17,56
DA:18,224
DA:21,56
FN:24,MerkleTreeGenerator.hashPair
FNDA:224,MerkleTreeGenerator.hashPair
DA:25,224
FN:28,MerkleTreeGenerator.leftChildIndex
FNDA:224,MerkleTreeGenerator.leftChildIndex
DA:29,224
FN:32,MerkleTreeGenerator.rightChildIndex
FNDA:224,MerkleTreeGenerator.rightChildIndex
DA:33,224
FN:36,MerkleTreeGenerator.getProof
FNDA:61,MerkleTreeGenerator.getProof
DA:37,61
DA:39,61
DA:40,185
DA:41,124
DA:42,124
DA:44,61
FN:47,MerkleTreeGenerator.checkLeafNode
FNDA:61,MerkleTreeGenerator.checkLeafNode
DA:48,61
BRDA:48,1,0,-
BRDA:48,1,1,61
FN:51,MerkleTreeGenerator.siblingIndex
FNDA:124,MerkleTreeGenerator.siblingIndex
DA:52,124
BRDA:52,2,0,61
BRDA:52,2,1,63
DA:53,61
DA:55,63
FN:59,MerkleTreeGenerator.parentIndex
FNDA:124,MerkleTreeGenerator.parentIndex
DA:60,124
FN:63,MerkleTreeGenerator.concatenate
FNDA:124,MerkleTreeGenerator.concatenate
DA:64,124
DA:65,124
DA:66,65
DA:68,124
DA:69,124
FN:72,MerkleTreeGenerator.getIndex
FNDA:61,MerkleTreeGenerator.getIndex
DA:73,61
DA:74,315
BRDA:74,3,0,61
BRDA:74,3,1,254
DA:75,61
DA:78,0
FNF:10
FNH:10
LF:30
LH:29
BRF:8
BRH:6
end_of_record
